2018-01-10 16:27:42,shep7,maliddl96@gmail.com,Lab00,test
2018-01-10 16:30:33,chansen0,maliddl96@gmail.com,Lab00,test
2018-01-10 16:30:47,paladin1,maliddl96@gmail.com,Lab00,test
2018-01-10 16:31:51,zmyth97,maliddl96@gmail.com,Lab00,test
2018-01-10 16:36:33,shep7,maliddl96@gmail.com,Lab00,test
2018-01-10 16:36:52,pbrede,maliddl96@gmail.com,Lab00,test
2018-01-10 16:38:12,cebrown,maliddl96@gmail.com,Lab00,test
2018-01-10 16:38:13,ramirant,maliddl96@gmail.com,Lab00,test
2018-01-10 16:39:32,ajfred2,maliddl96@gmail.com,Lab00,test
2018-01-10 16:41:46,cebrown,maliddl96@gmail.com,Lab00,test
2018-01-10 16:46:58,eford8,maliddl96@gmail.com,Lab00,test
2018-01-10 16:47:06,nilant,maliddl96@gmail.com,Lab00,test
2018-01-10 16:48:18,danik05,maliddl96@gmail.com,Lab00,test
2018-01-10 16:52:34,eford8,maliddl96@gmail.com,Lab00,test
2018-01-10 16:53:05,zdb23,maliddl96@gmail.com,Lab00,test
2018-01-10 16:53:46,eford8,maliddl96@gmail.com,Lab00,test
2018-01-10 16:54:35,danik05,maliddl96@gmail.com,Lab00,test
2018-01-10 17:00:32,harrishr,maliddl96@gmail.com,Lab00,test
2018-01-10 17:03:49,jrebert,maliddl96@gmail.com,Lab00,test
2018-01-10 17:15:17,jes0613,maliddl96@gmail.com,Lab00,test
2018-01-10 17:20:00,jes0613,maliddl96@gmail.com,Lab00,test
2018-01-10 17:23:45,andeloth,maliddl96@gmail.com,Lab00,test
2018-01-10 17:26:37,larso12,maliddl96@gmail.com,Lab00,test
2018-01-10 17:27:21,sharolds,maliddl96@gmail.com,Lab00,test
2018-01-10 17:31:13,jameslc,maliddl96@gmail.com,Lab00,test
2018-01-10 17:31:35,nilssonn,maliddl96@gmail.com,Lab00,test
2018-01-10 17:32:54,jes0613,maliddl96@gmail.com,Lab00,test
2018-01-10 17:33:43,jaxon15,maliddl96@gmail.com,Lab00,test
2018-01-10 17:41:55,mlee10,maliddl96@gmail.com,Lab00,test
2018-01-10 17:47:00,parki29,maliddl96@gmail.com,Lab00,test
2018-01-10 17:50:19,sputinc,maliddl96@gmail.com,Lab00,test
2018-01-10 17:51:25,sputinc,maliddl96@gmail.com,Lab00,test
2018-01-10 17:52:33,sputinc,maliddl96@gmail.com,Lab00,test
2018-01-10 17:57:59,jwerikso,maliddl96@gmail.com,Lab00,test
2018-01-10 18:00:05,puppypar,maliddl96@gmail.com,Lab00,test
2018-01-10 18:00:43,yuehales,maliddl96@gmail.com,Lab00,test
2018-01-10 18:03:44,jofesnel,maliddl96@gmail.com,Lab00,test
2018-01-10 18:04:43,puppypar,maliddl96@gmail.com,Lab00,test
2018-01-10 18:10:48,evelos,maliddl96@gmail.com,Lab00,test
2018-01-10 18:20:44,darnese2,maliddl96@gmail.com,Lab00,test
2018-01-10 18:24:01,cpomar,maliddl96@gmail.com,Lab00,test
2018-01-10 18:24:57,wanki2,maliddl96@gmail.com,Lab00,test
2018-01-10 18:29:08,jdogzee,maliddl96@gmail.com,Lab00,test
2018-01-10 18:32:56,jdogzee,maliddl96@gmail.com,Lab00,test
2018-01-10 18:38:09,jstate96,maliddl96@gmail.com,Lab00,test
2018-01-10 18:45:32,cwmmoon,maliddl96@gmail.com,Lab00,test
2018-01-10 18:47:05,idraper,maliddl96@gmail.com,Lab00,test
2018-01-10 18:48:04,ccate13,maliddl96@gmail.com,Lab00,test
2018-01-10 18:55:52,jschaf14,maliddl96@gmail.com,Lab00,test
2018-01-10 18:56:38,johnc16,maliddl96@gmail.com,Lab00,test
2018-01-10 18:57:05,sjdailey,maliddl96@gmail.com,Lab00,test
2018-01-10 18:59:16,shariss2,maliddl96@gmail.com,Lab00,test
2018-01-10 19:01:23,dh691657,maliddl96@gmail.com,Lab00,test
2018-01-10 19:03:01,jhw3308,maliddl96@gmail.com,Lab00,test
2018-01-10 19:10:44,tessacan,maliddl96@gmail.com,Lab00,test
2018-01-10 19:11:47,ccate13,maliddl96@gmail.com,Lab00,test
2018-01-10 19:12:03,ajohn170,maliddl96@gmail.com,Lab00,test
2018-01-10 19:13:10,jhalvey,maliddl96@gmail.com,Lab00,test
2018-01-10 19:14:39,pfakkel,maliddl96@gmail.com,Lab00,test
2018-01-10 19:16:57,kclem47,maliddl96@gmail.com,Lab00,test
2018-01-10 19:17:10,dgarner8,maliddl96@gmail.com,Lab00,test
2018-01-10 19:25:42,bradyc22,maliddl96@gmail.com,Lab00,test
2018-01-10 19:29:59,trodrig2,maliddl96@gmail.com,Lab00,test
2018-01-10 19:31:57,benhuff,maliddl96@gmail.com,Lab00,test
2018-01-10 19:32:11,trodrig2,maliddl96@gmail.com,Lab00,test
2018-01-10 19:34:25,elisims,maliddl96@gmail.com,Lab00,test
2018-01-10 19:36:47,bvarela2,maliddl96@gmail.com,Lab00,test
2018-01-10 19:46:58,lukas3,maliddl96@gmail.com,Lab00,test
2018-01-10 19:47:42,campatt,maliddl96@gmail.com,Lab00,test
2018-01-10 19:50:36,lukas3,maliddl96@gmail.com,Lab00,test
2018-01-10 19:55:31,bbrenk,maliddl96@gmail.com,Lab00,test
2018-01-10 20:01:55,tsteele,maliddl96@gmail.com,Lab00,test
2018-01-10 20:02:15,goatesg,maliddl96@gmail.com,Lab00,test
2018-01-10 20:05:40,valdez95,maliddl96@gmail.com,Lab00,test
2018-01-10 20:06:34,jcbmorr,maliddl96@gmail.com,Lab00,test
2018-01-10 20:11:28,raguila3,maliddl96@gmail.com,Lab00,test
2018-01-10 20:13:41,fliksie,maliddl96@gmail.com,Lab00,test
2018-01-10 20:22:34,mkelsey2,maliddl96@gmail.com,Lab00,test
2018-01-10 20:23:37,benmur96,maliddl96@gmail.com,Lab00,test
2018-01-10 20:26:57,bucketkj,maliddl96@gmail.com,Lab00,test
2018-01-10 20:29:12,blackvs,maliddl96@gmail.com,Lab00,test
2018-01-10 20:30:52,bostrem,maliddl96@gmail.com,Lab00,test
2018-01-10 20:32:02,fancis16,maliddl96@gmail.com,Lab00,test
2018-01-10 20:34:01,myler715,maliddl96@gmail.com,Lab00,test
2018-01-10 20:35:25,baldw8,maliddl96@gmail.com,Lab00,test
2018-01-10 20:38:35,edogjone,maliddl96@gmail.com,Lab00,test
2018-01-10 20:38:58,shastin2,maliddl96@gmail.com,Lab00,test
2018-01-10 20:39:05,mymckinn,maliddl96@gmail.com,Lab00,test
2018-01-10 20:46:13,kjbrown,maliddl96@gmail.com,Lab00,test
2018-01-10 20:52:12,fancis16,maliddl96@gmail.com,Lab00,test
2018-01-10 20:53:36,samuel83,maliddl96@gmail.com,Lab00,test
2018-01-10 21:01:55,foltzdw,maliddl96@gmail.com,Lab00,test
2018-01-10 21:03:41,bowej195,maliddl96@gmail.com,Lab00,test
2018-01-10 21:08:07,benh96,maliddl96@gmail.com,Lab00,test
2018-01-10 21:09:30,ajlarsen,maliddl96@gmail.com,Lab00,test
2018-01-10 21:15:11,danh444,maliddl96@gmail.com,Lab00,test
2018-01-10 21:17:05,nay25,maliddl96@gmail.com,Lab00,test
2018-01-10 21:17:21,danh444,maliddl96@gmail.com,Lab00,test
2018-01-10 21:18:36,danh444,maliddl96@gmail.com,Lab00,test
2018-01-10 21:23:47,blakep22,maliddl96@gmail.com,Lab00,test
2018-01-10 21:43:50,jes0613,maliddl96@gmail.com,Lab00,test
2018-01-10 21:50:04,jordanrj,maliddl96@gmail.com,Lab00,test
2018-01-10 21:50:31,nconstan,maliddl96@gmail.com,Lab00,test
2018-01-10 21:54:43,jordanrj,maliddl96@gmail.com,Lab00,test
2018-01-10 22:07:08,rhoggan6,maliddl96@gmail.com,Lab00,test
2018-01-10 22:11:04,vrojas,maliddl96@gmail.com,Lab00,test
2018-01-10 22:13:25,codyhal,maliddl96@gmail.com,Lab00,test
2018-01-10 22:24:06,bcnelson,maliddl96@gmail.com,Lab00,test
2018-01-10 22:31:56,jdtreter,maliddl96@gmail.com,Lab00,test
2018-01-10 22:33:50,tsitze,maliddl96@gmail.com,Lab00,test
2018-01-10 22:39:09,jdtreter,maliddl96@gmail.com,Lab00,test
2018-01-10 22:45:56,heeyeonl,maliddl96@gmail.com,Lab00,test
2018-01-10 22:50:12,mbrow233,maliddl96@gmail.com,Lab00,test
2018-01-10 22:54:43,alaney97,maliddl96@gmail.com,Lab00,test
2018-01-10 22:55:40,mille213,maliddl96@gmail.com,Lab00,test
2018-01-10 23:07:17,jpenner,maliddl96@gmail.com,Lab00,test
2018-01-10 23:07:27,jensennk,maliddl96@gmail.com,Lab00,test
2018-01-10 23:07:44,lrs8915,maliddl96@gmail.com,Lab00,test
2018-01-10 23:10:08,solmyr,maliddl96@gmail.com,Lab00,test
2018-01-10 23:11:14,solmyr,maliddl96@gmail.com,Lab00,test
2018-01-10 23:12:02,solmyr,maliddl96@gmail.com,Lab00,test
2018-01-10 23:13:26,brekara,maliddl96@gmail.com,Lab00,test
2018-01-10 23:24:48,genel,maliddl96@gmail.com,Lab00,test
2018-01-10 23:37:15,dthueso2,maliddl96@gmail.com,Lab00,test
2018-01-10 23:39:44,njs992,maliddl96@gmail.com,Lab00,test
2018-01-10 23:42:30,afarmer8,maliddl96@gmail.com,Lab00,test
2018-01-11 00:31:02,jensennk,maliddl96@gmail.com,Lab00,test
2018-01-11 06:46:21,jds348,maliddl96@gmail.com,Lab00,test
2018-01-11 09:07:58,ghagen,maliddl96@gmail.com,Lab00,test
2018-01-11 09:15:40,kllew256,maliddl96@gmail.com,Lab00,test
2018-01-11 09:33:18,crookk,maliddl96@gmail.com,Lab00,test
2018-01-11 10:08:15,caw243,maliddl96@gmail.com,Lab00,test
2018-01-11 10:23:08,jrhill,maliddl96@gmail.com,Lab00,test
2018-01-11 10:31:56,cjcarv3r,maliddl96@gmail.com,Lab00,test
2018-01-11 10:36:11,jastern,maliddl96@gmail.com,Lab00,test
2018-01-11 11:00:46,kandarej,maliddl96@gmail.com,Lab00,test
2018-01-11 11:20:01,mmolen09,maliddl96@gmail.com,Lab00,test
2018-01-11 11:21:13,centenoa,maliddl96@gmail.com,Lab00,test
2018-01-11 11:23:28,mmolen09,maliddl96@gmail.com,Lab00,test
2018-01-11 11:24:00,mmolen09,maliddl96@gmail.com,Lab00,test
2018-01-11 11:49:00,jarom77,maliddl96@gmail.com,Lab00,test
2018-01-11 11:50:10,jarom77,maliddl96@gmail.com,Lab00,test
2018-01-11 11:51:50,jarom77,maliddl96@gmail.com,Lab00,test
2018-01-11 11:53:07,jarom77,maliddl96@gmail.com,Lab00,test
2018-01-11 11:56:07,jarom77,maliddl96@gmail.com,Lab00,test
2018-01-11 11:56:51,jarom77,maliddl96@gmail.com,Lab00,test
2018-01-11 12:11:10,igabe,maliddl96@gmail.com,Lab00,test
2018-01-11 12:16:21,bmonk,maliddl96@gmail.com,Lab00,test
2018-01-11 12:17:02,bmonk,maliddl96@gmail.com,Lab00,test
2018-01-11 12:26:40,neilqvt,maliddl96@gmail.com,Lab00,test
2018-01-11 12:29:35,beto1998,maliddl96@gmail.com,Lab00,test
2018-01-11 13:12:37,tjones64,maliddl96@gmail.com,Lab00,test
2018-01-11 13:15:39,akselk,maliddl96@gmail.com,Lab00,test
2018-01-11 13:34:37,nilant,maliddl96@gmail.com,Lab00,test
2018-01-11 13:38:54,mlee10,maliddl96@gmail.com,Lab00,test
2018-01-11 13:44:28,mlee10,maliddl96@gmail.com,Lab00,test
2018-01-11 13:51:17,acbmmeh5,maliddl96@gmail.com,Lab00,test
2018-01-11 13:54:40,czundel1,maliddl96@gmail.com,Lab00,test
2018-01-11 13:56:11,czundel1,maliddl96@gmail.com,Lab00,test
2018-01-11 14:03:46,benhuff,maliddl96@gmail.com,Lab00,test
2018-01-11 14:20:14,bubbabjh,maliddl96@gmail.com,Lab00,test
2018-01-11 14:24:59,bkwebb23,maliddl96@gmail.com,Lab00,test
2018-01-11 14:43:03,ceolewis,maliddl96@gmail.com,Lab00,test
2018-01-11 14:49:21,bubbabjh,maliddl96@gmail.com,Lab00,test
2018-01-11 14:58:16,droy2,maliddl96@gmail.com,Lab00,test
2018-01-11 15:28:35,alan9001,maliddl96@gmail.com,Lab00,test
2018-01-11 15:29:43,clhill93,maliddl96@gmail.com,Lab00,test
2018-01-11 15:33:53,clhill93,maliddl96@gmail.com,Lab00,test
2018-01-11 15:37:48,jcall42,maliddl96@gmail.com,Lab00,test
2018-01-11 16:07:48,lilyrose,maliddl96@gmail.com,Lab00,test
2018-01-11 16:25:16,zmeyer1,maliddl96@gmail.com,Lab00,test
2018-01-11 16:29:51,zmeyer1,maliddl96@gmail.com,Lab00,test
2018-01-11 16:39:28,kaleahmj,maliddl96@gmail.com,Lab00,test
2018-01-11 16:56:08,jwdean,maliddl96@gmail.com,Lab00,test
2018-01-11 16:58:49,jwdean,maliddl96@gmail.com,Lab00,test
2018-01-11 17:07:02,jwdean,maliddl96@gmail.com,Lab00,test
2018-01-11 17:40:43,bms22386,maliddl96@gmail.com,Lab00,test
2018-01-11 17:49:34,q1a2z3,maliddl96@gmail.com,Lab00,test
2018-01-11 17:52:14,q1a2z3,maliddl96@gmail.com,Lab00,test
2018-01-11 19:00:04,jonese8,maliddl96@gmail.com,Lab00,test
2018-01-11 19:07:34,ssgriff,maliddl96@gmail.com,Lab00,test
2018-01-11 19:10:23,ssgriff,maliddl96@gmail.com,Lab00,test
2018-01-11 20:17:16,drewmg,maliddl96@gmail.com,Lab00,test
2018-01-11 20:25:54,justinh7,maliddl96@gmail.com,Lab00,test
2018-01-11 20:53:33,jswense2,maliddl96@gmail.com,Lab00,test
2018-01-11 21:29:28,drewmg,maliddl96@gmail.com,Lab00,test
2018-01-11 21:29:28,drewmg,maliddl96@gmail.com,Lab00,test
2018-01-11 21:39:54,asp8086,maliddl96@gmail.com,Lab00,test
2018-01-11 21:43:08,drewmg,maliddl96@gmail.com,Lab00,test
2018-01-11 23:06:33,ajrasban,maliddl96@gmail.com,Lab00,test
2018-01-12 09:04:24,jwdean,maliddl96@gmail.com,Lab00,test
2018-01-12 10:34:54,eford8,maliddl96@gmail.com,Lab01,test
2018-01-12 10:44:25,eford8,maliddl96@gmail.com,Lab01,test
2018-01-12 10:48:37,eford8,maliddl96@gmail.com,Lab01,test
2018-01-12 10:51:30,eford8,maliddl96@gmail.com,Lab01,test
2018-01-12 12:02:06,jwdean,maliddl96@gmail.com,Lab00,test
2018-01-12 14:25:40,mrc621,maliddl96@gmail.com,Lab00,test
2018-01-12 15:07:47,jaredc94,maliddl96@gmail.com,Lab00,test
2018-01-12 15:10:25,jaredc94,maliddl96@gmail.com,Lab00,test
2018-01-12 15:11:23,jaredc94,maliddl96@gmail.com,Lab00,test
2018-01-12 16:15:15,eford8,maliddl96@gmail.com,Lab01,test
2018-01-12 16:20:48,eford8,maliddl96@gmail.com,Lab01,test
2018-01-12 17:06:13,eford8,maliddl96@gmail.com,Lab01,test
2018-01-13 10:04:50,tsitze,maliddl96@gmail.com,Lab01,test
2018-01-13 23:35:14,bms22386,maliddl96@gmail.com,Lab01,test
2018-01-14 12:17:14,eford8,maliddl96@gmail.com,Lab01,test
2018-01-14 12:27:33,eford8,maliddl96@gmail.com,Lab01,test
2018-01-14 21:42:22,leegh314,maliddl96@gmail.com,Lab00,test
2018-01-15 11:47:26,foltzdw,maliddl96@gmail.com,Lab01,test
2018-01-15 12:00:55,foltzdw,maliddl96@gmail.com,Lab01,test
2018-01-15 12:04:04,foltzdw,maliddl96@gmail.com,Lab01,test
2018-01-15 12:23:54,goatesg,maliddl96@gmail.com,Lab01,test
2018-01-15 18:48:02,yus0359,maliddl96@gmail.com,Lab00,test
2018-01-15 18:55:50,april21,maliddl96@gmail.com,Lab00,test
2018-01-15 19:02:10,april21,maliddl96@gmail.com,Lab00,test
2018-01-15 19:10:35,yus0359,maliddl96@gmail.com,Lab00,test
2018-01-15 21:31:14,sputinc,maliddl96@gmail.com,Lab01,test
2018-01-15 21:36:44,sputinc,maliddl96@gmail.com,Lab01,test
2018-01-15 21:40:50,sputinc,maliddl96@gmail.com,Lab01,test
2018-01-16 13:52:15,mckenz34,maliddl96@gmail.com,Lab00,test
2018-01-16 16:32:49,jwdean,maliddl96@gmail.com,Lab01,test
2018-01-16 16:34:51,jwdean,maliddl96@gmail.com,Lab01,test
2018-01-16 17:15:24,jwinter7,maliddl96@gmail.com,Lab01,test
2018-01-16 17:42:03,jaredtr1,maliddl96@gmail.com,Lab01,test
2018-01-17 12:17:02,mbrann,maliddl96@gmail.com,Lab01,test
2018-01-17 12:23:28,mbrann,maliddl96@gmail.com,Lab01,test
2018-01-17 12:25:42,mbrann,maliddl96@gmail.com,Lab01,test
2018-01-17 18:54:58,idraper,maliddl96@gmail.com,Lab01,test
2018-01-18 10:43:04,jpenner,maliddl96@gmail.com,Lab01,test
2018-01-18 10:49:33,jpenner,maliddl96@gmail.com,Lab01,test
2018-01-18 14:27:00,lukas3,maliddl96@gmail.com,Lab01,test
2018-01-18 14:30:19,lukas3,maliddl96@gmail.com,Lab01,test
2018-01-18 14:30:19,lukas3,maliddl96@gmail.com,Lab01,test
2018-01-18 14:30:19,lukas3,maliddl96@gmail.com,Lab01,test
2018-01-18 14:30:19,lukas3,maliddl96@gmail.com,Lab01,test
2018-01-18 14:30:19,lukas3,maliddl96@gmail.com,Lab01,test
2018-01-18 14:30:19,lukas3,maliddl96@gmail.com,Lab01,test
2018-01-18 14:30:19,lukas3,maliddl96@gmail.com,Lab01,test
2018-01-18 14:30:19,lukas3,maliddle96@gmail.com,Lab01,test
