[WinError 32] The process cannot access the file because it is being used by another process: 'TMP_DELETE\\shep7.Lab00.compile.out'
[WinError 32] The process cannot access the file because it is being used by another process: 'TMP_DELETE\\chansen0.Lab00.compile.out'
[WinError 32] The process cannot access the file because it is being used by another process: 'TMP_DELETE\\paladin1.Lab00.compile.out'
[WinError 32] The process cannot access the file because it is being used by another process: 'TMP_DELETE\\zmyth97.Lab00.compile.out'
[WinError 32] The process cannot access the file because it is being used by another process: 'TMP_DELETE\\shep7.Lab00.compile.out'
[WinError 32] The process cannot access the file because it is being used by another process: 'TMP_DELETE\\pbrede.Lab00.compile.out'
[WinError 32] The process cannot access the file because it is being used by another process: 'TMP_DELETE\\cebrown.Lab00.compile.out'
[WinError 32] The process cannot access the file because it is being used by another process: 'TMP_DELETE\\ramirant.Lab00.compile.out'
[WinError 32] The process cannot access the file because it is being used by another process: 'TMP_DELETE\\ajfred2.Lab00.compile.out'
[WinError 32] The process cannot access the file because it is being used by another process: 'TMP_DELETE\\cebrown.Lab00.compile.out'
[WinError 32] The process cannot access the file because it is being used by another process: 'TMP_DELETE\\eford8.Lab00.compile.out'
[WinError 32] The process cannot access the file because it is being used by another process: 'TMP_DELETE\\nilant.Lab00.compile.out'
[WinError 32] The process cannot access the file because it is being used by another process: 'TMP_DELETE\\danik05.Lab00.compile.out'
[WinError 32] The process cannot access the file because it is being used by another process: 'TMP_DELETE\\eford8.Lab00.compile.out'
[WinError 32] The process cannot access the file because it is being used by another process: 'TMP_DELETE\\zdb23.Lab00.compile.out'
[WinError 32] The process cannot access the file because it is being used by another process: 'TMP_DELETE\\eford8.Lab00.compile.out'
[WinError 32] The process cannot access the file because it is being used by another process: 'TMP_DELETE\\danik05.Lab00.compile.out'
[WinError 32] The process cannot access the file because it is being used by another process: 'TMP_DELETE\\harrishr.Lab00.compile.out'
[WinError 32] The process cannot access the file because it is being used by another process: 'TMP_DELETE\\jrebert.Lab00.compile.out'
[WinError 32] The process cannot access the file because it is being used by another process: 'TMP_DELETE\\jes0613.Lab00.compile.out'
[WinError 32] The process cannot access the file because it is being used by another process: 'TMP_DELETE\\jes0613.Lab00.compile.out'
[WinError 32] The process cannot access the file because it is being used by another process: 'TMP_DELETE\\andeloth.Lab00.compile.out'
[WinError 32] The process cannot access the file because it is being used by another process: 'TMP_DELETE\\larso12.Lab00.compile.out'
[WinError 32] The process cannot access the file because it is being used by another process: 'TMP_DELETE\\sharolds.Lab00.compile.out'
[WinError 32] The process cannot access the file because it is being used by another process: 'TMP_DELETE\\jameslc.Lab00.compile.out'
[WinError 32] The process cannot access the file because it is being used by another process: 'TMP_DELETE\\nilssonn.Lab00.compile.out'
[WinError 32] The process cannot access the file because it is being used by another process: 'TMP_DELETE\\jes0613.Lab00.compile.out'
[WinError 32] The process cannot access the file because it is being used by another process: 'TMP_DELETE\\jaxon15.Lab00.compile.out'
[WinError 32] The process cannot access the file because it is being used by another process: 'TMP_DELETE\\mlee10.Lab00.compile.out'
[WinError 32] The process cannot access the file because it is being used by another process: 'TMP_DELETE\\parki29.Lab00.compile.out'
[WinError 32] The process cannot access the file because it is being used by another process: 'TMP_DELETE\\sputinc.Lab00.compile.out'
[WinError 32] The process cannot access the file because it is being used by another process: 'TMP_DELETE\\sputinc.Lab00.compile.out'
[WinError 32] The process cannot access the file because it is being used by another process: 'TMP_DELETE\\sputinc.Lab00.compile.out'
[WinError 32] The process cannot access the file because it is being used by another process: 'TMP_DELETE\\jwerikso.Lab00.compile.out'
[WinError 32] The process cannot access the file because it is being used by another process: 'TMP_DELETE\\puppypar.Lab00.compile.out'
[WinError 32] The process cannot access the file because it is being used by another process: 'TMP_DELETE\\yuehales.Lab00.compile.out'
[WinError 32] The process cannot access the file because it is being used by another process: 'TMP_DELETE\\jofesnel.Lab00.compile.out'
[WinError 32] The process cannot access the file because it is being used by another process: 'TMP_DELETE\\puppypar.Lab00.compile.out'
[WinError 32] The process cannot access the file because it is being used by another process: 'TMP_DELETE\\evelos.Lab00.compile.out'
[WinError 32] The process cannot access the file because it is being used by another process: 'TMP_DELETE\\darnese2.Lab00.compile.out'
[WinError 32] The process cannot access the file because it is being used by another process: 'TMP_DELETE\\cpomar.Lab00.compile.out'
[WinError 32] The process cannot access the file because it is being used by another process: 'TMP_DELETE\\wanki2.Lab00.compile.out'
[WinError 32] The process cannot access the file because it is being used by another process: 'TMP_DELETE\\jdogzee.Lab00.compile.out'
[WinError 32] The process cannot access the file because it is being used by another process: 'TMP_DELETE\\jdogzee.Lab00.compile.out'
[WinError 32] The process cannot access the file because it is being used by another process: 'TMP_DELETE\\jstate96.Lab00.compile.out'
[WinError 32] The process cannot access the file because it is being used by another process: 'TMP_DELETE\\cwmmoon.Lab00.compile.out'
[WinError 32] The process cannot access the file because it is being used by another process: 'TMP_DELETE\\idraper.Lab00.compile.out'
[WinError 32] The process cannot access the file because it is being used by another process: 'TMP_DELETE\\ccate13.Lab00.compile.out'
[WinError 32] The process cannot access the file because it is being used by another process: 'TMP_DELETE\\jschaf14.Lab00.compile.out'
[WinError 32] The process cannot access the file because it is being used by another process: 'TMP_DELETE\\johnc16.Lab00.compile.out'
[WinError 32] The process cannot access the file because it is being used by another process: 'TMP_DELETE\\sjdailey.Lab00.compile.out'
[WinError 32] The process cannot access the file because it is being used by another process: 'TMP_DELETE\\shariss2.Lab00.compile.out'
[WinError 32] The process cannot access the file because it is being used by another process: 'TMP_DELETE\\dh691657.Lab00.compile.out'
[WinError 32] The process cannot access the file because it is being used by another process: 'TMP_DELETE\\jhw3308.Lab00.compile.out'
[WinError 32] The process cannot access the file because it is being used by another process: 'TMP_DELETE\\tessacan.Lab00.compile.out'
[WinError 32] The process cannot access the file because it is being used by another process: 'TMP_DELETE\\ccate13.Lab00.compile.out'
[WinError 32] The process cannot access the file because it is being used by another process: 'TMP_DELETE\\ajohn170.Lab00.compile.out'
[WinError 32] The process cannot access the file because it is being used by another process: 'TMP_DELETE\\jhalvey.Lab00.compile.out'
[WinError 32] The process cannot access the file because it is being used by another process: 'TMP_DELETE\\pfakkel.Lab00.compile.out'
[WinError 32] The process cannot access the file because it is being used by another process: 'TMP_DELETE\\kclem47.Lab00.compile.out'
[WinError 32] The process cannot access the file because it is being used by another process: 'TMP_DELETE\\dgarner8.Lab00.compile.out'
[WinError 32] The process cannot access the file because it is being used by another process: 'TMP_DELETE\\bradyc22.Lab00.compile.out'
[WinError 32] The process cannot access the file because it is being used by another process: 'TMP_DELETE\\trodrig2.Lab00.compile.out'
[WinError 32] The process cannot access the file because it is being used by another process: 'TMP_DELETE\\benhuff.Lab00.compile.out'
[WinError 32] The process cannot access the file because it is being used by another process: 'TMP_DELETE\\trodrig2.Lab00.compile.out'
[WinError 32] The process cannot access the file because it is being used by another process: 'TMP_DELETE\\elisims.Lab00.compile.out'
[WinError 32] The process cannot access the file because it is being used by another process: 'TMP_DELETE\\bvarela2.Lab00.compile.out'
[WinError 32] The process cannot access the file because it is being used by another process: 'TMP_DELETE\\lukas3.Lab00.compile.out'
[WinError 32] The process cannot access the file because it is being used by another process: 'TMP_DELETE\\campatt.Lab00.compile.out'
[WinError 32] The process cannot access the file because it is being used by another process: 'TMP_DELETE\\lukas3.Lab00.compile.out'
[WinError 32] The process cannot access the file because it is being used by another process: 'TMP_DELETE\\bbrenk.Lab00.compile.out'
[WinError 32] The process cannot access the file because it is being used by another process: 'TMP_DELETE\\tsteele.Lab00.compile.out'
[WinError 32] The process cannot access the file because it is being used by another process: 'TMP_DELETE\\goatesg.Lab00.compile.out'
[WinError 32] The process cannot access the file because it is being used by another process: 'TMP_DELETE\\valdez95.Lab00.compile.out'
[WinError 32] The process cannot access the file because it is being used by another process: 'TMP_DELETE\\jcbmorr.Lab00.compile.out'
[WinError 32] The process cannot access the file because it is being used by another process: 'TMP_DELETE\\raguila3.Lab00.compile.out'
[WinError 32] The process cannot access the file because it is being used by another process: 'TMP_DELETE\\fliksie.Lab00.compile.out'
[WinError 32] The process cannot access the file because it is being used by another process: 'TMP_DELETE\\mkelsey2.Lab00.compile.out'
[WinError 32] The process cannot access the file because it is being used by another process: 'TMP_DELETE\\benmur96.Lab00.compile.out'
[WinError 32] The process cannot access the file because it is being used by another process: 'TMP_DELETE\\bucketkj.Lab00.compile.out'
[WinError 32] The process cannot access the file because it is being used by another process: 'TMP_DELETE\\blackvs.Lab00.compile.out'
[WinError 32] The process cannot access the file because it is being used by another process: 'TMP_DELETE\\bostrem.Lab00.compile.out'
[WinError 32] The process cannot access the file because it is being used by another process: 'TMP_DELETE\\fancis16.Lab00.compile.out'
[WinError 32] The process cannot access the file because it is being used by another process: 'TMP_DELETE\\myler715.Lab00.compile.out'
[WinError 32] The process cannot access the file because it is being used by another process: 'TMP_DELETE\\baldw8.Lab00.compile.out'
[WinError 32] The process cannot access the file because it is being used by another process: 'TMP_DELETE\\edogjone.Lab00.compile.out'
[WinError 32] The process cannot access the file because it is being used by another process: 'TMP_DELETE\\shastin2.Lab00.compile.out'
[WinError 32] The process cannot access the file because it is being used by another process: 'TMP_DELETE\\mymckinn.Lab00.compile.out'
[WinError 32] The process cannot access the file because it is being used by another process: 'TMP_DELETE\\kjbrown.Lab00.compile.out'
[WinError 32] The process cannot access the file because it is being used by another process: 'TMP_DELETE\\fancis16.Lab00.compile.out'
[WinError 32] The process cannot access the file because it is being used by another process: 'TMP_DELETE\\samuel83.Lab00.compile.out'
[WinError 32] The process cannot access the file because it is being used by another process: 'TMP_DELETE\\foltzdw.Lab00.compile.out'
[WinError 32] The process cannot access the file because it is being used by another process: 'TMP_DELETE\\bowej195.Lab00.compile.out'
[WinError 32] The process cannot access the file because it is being used by another process: 'TMP_DELETE\\benh96.Lab00.compile.out'
[WinError 32] The process cannot access the file because it is being used by another process: 'TMP_DELETE\\ajlarsen.Lab00.compile.out'
[WinError 32] The process cannot access the file because it is being used by another process: 'TMP_DELETE\\danh444.Lab00.compile.out'
[WinError 32] The process cannot access the file because it is being used by another process: 'TMP_DELETE\\nay25.Lab00.compile.out'
[WinError 32] The process cannot access the file because it is being used by another process: 'TMP_DELETE\\danh444.Lab00.compile.out'
[WinError 32] The process cannot access the file because it is being used by another process: 'TMP_DELETE\\danh444.Lab00.compile.out'
[WinError 32] The process cannot access the file because it is being used by another process: 'TMP_DELETE\\blakep22.Lab00.compile.out'
[WinError 32] The process cannot access the file because it is being used by another process: 'TMP_DELETE\\jes0613.Lab00.compile.out'
[WinError 32] The process cannot access the file because it is being used by another process: 'TMP_DELETE\\jordanrj.Lab00.compile.out'
[WinError 32] The process cannot access the file because it is being used by another process: 'TMP_DELETE\\nconstan.Lab00.compile.out'
[WinError 32] The process cannot access the file because it is being used by another process: 'TMP_DELETE\\jordanrj.Lab00.compile.out'
[WinError 32] The process cannot access the file because it is being used by another process: 'TMP_DELETE\\rhoggan6.Lab00.compile.out'
[WinError 32] The process cannot access the file because it is being used by another process: 'TMP_DELETE\\vrojas.Lab00.compile.out'
[WinError 32] The process cannot access the file because it is being used by another process: 'TMP_DELETE\\codyhal.Lab00.compile.out'
[WinError 32] The process cannot access the file because it is being used by another process: 'TMP_DELETE\\bcnelson.Lab00.compile.out'
[WinError 32] The process cannot access the file because it is being used by another process: 'TMP_DELETE\\jdtreter.Lab00.compile.out'
[WinError 32] The process cannot access the file because it is being used by another process: 'TMP_DELETE\\tsitze.Lab00.compile.out'
[WinError 32] The process cannot access the file because it is being used by another process: 'TMP_DELETE\\jdtreter.Lab00.compile.out'
[WinError 32] The process cannot access the file because it is being used by another process: 'TMP_DELETE\\heeyeonl.Lab00.compile.out'
[WinError 32] The process cannot access the file because it is being used by another process: 'TMP_DELETE\\mbrow233.Lab00.compile.out'
[WinError 32] The process cannot access the file because it is being used by another process: 'TMP_DELETE\\alaney97.Lab00.compile.out'
[WinError 32] The process cannot access the file because it is being used by another process: 'TMP_DELETE\\mille213.Lab00.compile.out'
[WinError 32] The process cannot access the file because it is being used by another process: 'TMP_DELETE\\jpenner.Lab00.compile.out'
[WinError 32] The process cannot access the file because it is being used by another process: 'TMP_DELETE\\jensennk.Lab00.compile.out'
[WinError 32] The process cannot access the file because it is being used by another process: 'TMP_DELETE\\lrs8915.Lab00.compile.out'
[WinError 32] The process cannot access the file because it is being used by another process: 'TMP_DELETE\\solmyr.Lab00.compile.out'
[WinError 32] The process cannot access the file because it is being used by another process: 'TMP_DELETE\\solmyr.Lab00.compile.out'
[WinError 32] The process cannot access the file because it is being used by another process: 'TMP_DELETE\\solmyr.Lab00.compile.out'
[WinError 32] The process cannot access the file because it is being used by another process: 'TMP_DELETE\\brekara.Lab00.compile.out'
[WinError 32] The process cannot access the file because it is being used by another process: 'TMP_DELETE\\genel.Lab00.compile.out'
[WinError 32] The process cannot access the file because it is being used by another process: 'TMP_DELETE\\dthueso2.Lab00.compile.out'
[WinError 32] The process cannot access the file because it is being used by another process: 'TMP_DELETE\\njs992.Lab00.compile.out'
[WinError 32] The process cannot access the file because it is being used by another process: 'TMP_DELETE\\afarmer8.Lab00.compile.out'
[WinError 32] The process cannot access the file because it is being used by another process: 'TMP_DELETE\\jensennk.Lab00.compile.out'
[WinError 32] The process cannot access the file because it is being used by another process: 'TMP_DELETE\\jds348.Lab00.compile.out'
[WinError 32] The process cannot access the file because it is being used by another process: 'TMP_DELETE\\ghagen.Lab00.compile.out'
[WinError 32] The process cannot access the file because it is being used by another process: 'TMP_DELETE\\kllew256.Lab00.compile.out'
[WinError 32] The process cannot access the file because it is being used by another process: 'TMP_DELETE\\crookk.Lab00.compile.out'
[WinError 32] The process cannot access the file because it is being used by another process: 'TMP_DELETE\\caw243.Lab00.compile.out'
[WinError 32] The process cannot access the file because it is being used by another process: 'TMP_DELETE\\jrhill.Lab00.compile.out'
[WinError 32] The process cannot access the file because it is being used by another process: 'TMP_DELETE\\cjcarv3r.Lab00.compile.out'
[WinError 32] The process cannot access the file because it is being used by another process: 'TMP_DELETE\\jastern.Lab00.compile.out'
[WinError 32] The process cannot access the file because it is being used by another process: 'TMP_DELETE\\kandarej.Lab00.compile.out'
[WinError 32] The process cannot access the file because it is being used by another process: 'TMP_DELETE\\mmolen09.Lab00.compile.out'
[WinError 32] The process cannot access the file because it is being used by another process: 'TMP_DELETE\\centenoa.Lab00.compile.out'
[WinError 32] The process cannot access the file because it is being used by another process: 'TMP_DELETE\\mmolen09.Lab00.compile.out'
[WinError 32] The process cannot access the file because it is being used by another process: 'TMP_DELETE\\mmolen09.Lab00.compile.out'
[WinError 32] The process cannot access the file because it is being used by another process: 'TMP_DELETE\\jarom77.Lab00.compile.out'
[WinError 32] The process cannot access the file because it is being used by another process: 'TMP_DELETE\\jarom77.Lab00.compile.out'
[WinError 32] The process cannot access the file because it is being used by another process: 'TMP_DELETE\\jarom77.Lab00.compile.out'
[WinError 32] The process cannot access the file because it is being used by another process: 'TMP_DELETE\\jarom77.Lab00.compile.out'
[WinError 32] The process cannot access the file because it is being used by another process: 'TMP_DELETE\\jarom77.Lab00.compile.out'
[WinError 32] The process cannot access the file because it is being used by another process: 'TMP_DELETE\\jarom77.Lab00.compile.out'
[WinError 32] The process cannot access the file because it is being used by another process: 'TMP_DELETE\\igabe.Lab00.compile.out'
[WinError 32] The process cannot access the file because it is being used by another process: 'TMP_DELETE\\bmonk.Lab00.compile.out'
[WinError 32] The process cannot access the file because it is being used by another process: 'TMP_DELETE\\bmonk.Lab00.compile.out'
[WinError 32] The process cannot access the file because it is being used by another process: 'TMP_DELETE\\neilqvt.Lab00.compile.out'
[WinError 32] The process cannot access the file because it is being used by another process: 'TMP_DELETE\\beto1998.Lab00.compile.out'
[WinError 32] The process cannot access the file because it is being used by another process: 'TMP_DELETE\\tjones64.Lab00.compile.out'
[WinError 32] The process cannot access the file because it is being used by another process: 'TMP_DELETE\\akselk.Lab00.compile.out'
[WinError 32] The process cannot access the file because it is being used by another process: 'TMP_DELETE\\nilant.Lab00.compile.out'
[WinError 32] The process cannot access the file because it is being used by another process: 'TMP_DELETE\\mlee10.Lab00.compile.out'
[WinError 32] The process cannot access the file because it is being used by another process: 'TMP_DELETE\\mlee10.Lab00.compile.out'
[WinError 32] The process cannot access the file because it is being used by another process: 'TMP_DELETE\\acbmmeh5.Lab00.compile.out'
[WinError 32] The process cannot access the file because it is being used by another process: 'TMP_DELETE\\czundel1.Lab00.compile.out'
[WinError 32] The process cannot access the file because it is being used by another process: 'TMP_DELETE\\czundel1.Lab00.compile.out'
[WinError 32] The process cannot access the file because it is being used by another process: 'TMP_DELETE\\benhuff.Lab00.compile.out'
[WinError 32] The process cannot access the file because it is being used by another process: 'TMP_DELETE\\bubbabjh.Lab00.compile.out'
[WinError 32] The process cannot access the file because it is being used by another process: 'TMP_DELETE\\bkwebb23.Lab00.compile.out'
[WinError 32] The process cannot access the file because it is being used by another process: 'TMP_DELETE\\ceolewis.Lab00.compile.out'
[WinError 32] The process cannot access the file because it is being used by another process: 'TMP_DELETE\\bubbabjh.Lab00.compile.out'
[WinError 32] The process cannot access the file because it is being used by another process: 'TMP_DELETE\\droy2.Lab00.compile.out'
[WinError 32] The process cannot access the file because it is being used by another process: 'TMP_DELETE\\alan9001.Lab00.compile.out'
[WinError 32] The process cannot access the file because it is being used by another process: 'TMP_DELETE\\clhill93.Lab00.compile.out'
[WinError 32] The process cannot access the file because it is being used by another process: 'TMP_DELETE\\clhill93.Lab00.compile.out'
[WinError 32] The process cannot access the file because it is being used by another process: 'TMP_DELETE\\jcall42.Lab00.compile.out'
[WinError 32] The process cannot access the file because it is being used by another process: 'TMP_DELETE\\lilyrose.Lab00.compile.out'
[WinError 32] The process cannot access the file because it is being used by another process: 'TMP_DELETE\\zmeyer1.Lab00.compile.out'
[WinError 32] The process cannot access the file because it is being used by another process: 'TMP_DELETE\\zmeyer1.Lab00.compile.out'
[WinError 32] The process cannot access the file because it is being used by another process: 'TMP_DELETE\\kaleahmj.Lab00.compile.out'
[WinError 32] The process cannot access the file because it is being used by another process: 'TMP_DELETE\\jwdean.Lab00.compile.out'
[WinError 32] The process cannot access the file because it is being used by another process: 'TMP_DELETE\\jwdean.Lab00.compile.out'
[WinError 32] The process cannot access the file because it is being used by another process: 'TMP_DELETE\\jwdean.Lab00.compile.out'
[WinError 32] The process cannot access the file because it is being used by another process: 'TMP_DELETE\\bms22386.Lab00.compile.out'
[WinError 32] The process cannot access the file because it is being used by another process: 'TMP_DELETE\\q1a2z3.Lab00.compile.out'
[WinError 32] The process cannot access the file because it is being used by another process: 'TMP_DELETE\\q1a2z3.Lab00.compile.out'
[WinError 32] The process cannot access the file because it is being used by another process: 'TMP_DELETE\\jonese8.Lab00.compile.out'
[WinError 32] The process cannot access the file because it is being used by another process: 'TMP_DELETE\\ssgriff.Lab00.compile.out'
[WinError 32] The process cannot access the file because it is being used by another process: 'TMP_DELETE\\ssgriff.Lab00.compile.out'
[WinError 32] The process cannot access the file because it is being used by another process: 'TMP_DELETE\\drewmg.Lab00.compile.out'
[WinError 32] The process cannot access the file because it is being used by another process: 'TMP_DELETE\\justinh7.Lab00.compile.out'
[WinError 32] The process cannot access the file because it is being used by another process: 'TMP_DELETE\\jswense2.Lab00.compile.out'
[WinError 32] The process cannot access the file because it is being used by another process: 'TMP_DELETE\\drewmg.Lab00.compile.out'
[WinError 32] The process cannot access the file because it is being used by another process: 'TMP_DELETE\\drewmg.Lab00.compile.out'
[WinError 32] The process cannot access the file because it is being used by another process: 'TMP_DELETE\\asp8086.Lab00.compile.out'
[WinError 32] The process cannot access the file because it is being used by another process: 'TMP_DELETE\\drewmg.Lab00.compile.out'
[WinError 32] The process cannot access the file because it is being used by another process: 'TMP_DELETE\\ajrasban.Lab00.compile.out'
[WinError 32] The process cannot access the file because it is being used by another process: 'TMP_DELETE\\jwdean.Lab00.compile.out'
[WinError 32] The process cannot access the file because it is being used by another process: 'TMP_DELETE\\eford8.Lab01.compile.out'
[WinError 32] The process cannot access the file because it is being used by another process: 'TMP_DELETE\\eford8.Lab01.compile.out'
[WinError 32] The process cannot access the file because it is being used by another process: 'TMP_DELETE\\eford8.Lab01.compile.out'
[WinError 32] The process cannot access the file because it is being used by another process: 'TMP_DELETE\\eford8.Lab01.compile.out'
[WinError 32] The process cannot access the file because it is being used by another process: 'TMP_DELETE\\jwdean.Lab00.compile.out'
[WinError 32] The process cannot access the file because it is being used by another process: 'TMP_DELETE\\mrc621.Lab00.compile.out'
[WinError 32] The process cannot access the file because it is being used by another process: 'TMP_DELETE\\jaredc94.Lab00.compile.out'
[WinError 32] The process cannot access the file because it is being used by another process: 'TMP_DELETE\\jaredc94.Lab00.compile.out'
[WinError 32] The process cannot access the file because it is being used by another process: 'TMP_DELETE\\jaredc94.Lab00.compile.out'
[WinError 32] The process cannot access the file because it is being used by another process: 'TMP_DELETE\\eford8.Lab01.compile.out'
[WinError 32] The process cannot access the file because it is being used by another process: 'TMP_DELETE\\eford8.Lab01.compile.out'
[WinError 32] The process cannot access the file because it is being used by another process: 'TMP_DELETE\\eford8.Lab01.compile.out'
[WinError 32] The process cannot access the file because it is being used by another process: 'TMP_DELETE\\tsitze.Lab01.compile.out'
[WinError 32] The process cannot access the file because it is being used by another process: 'TMP_DELETE\\bms22386.Lab01.compile.out'
[WinError 32] The process cannot access the file because it is being used by another process: 'TMP_DELETE\\eford8.Lab01.compile.out'
[WinError 32] The process cannot access the file because it is being used by another process: 'TMP_DELETE\\eford8.Lab01.compile.out'
[WinError 32] The process cannot access the file because it is being used by another process: 'TMP_DELETE\\leegh314.Lab00.compile.out'
[WinError 32] The process cannot access the file because it is being used by another process: 'TMP_DELETE\\foltzdw.Lab01.compile.out'
[WinError 32] The process cannot access the file because it is being used by another process: 'TMP_DELETE\\foltzdw.Lab01.compile.out'
[WinError 32] The process cannot access the file because it is being used by another process: 'TMP_DELETE\\foltzdw.Lab01.compile.out'
[WinError 32] The process cannot access the file because it is being used by another process: 'TMP_DELETE\\goatesg.Lab01.compile.out'
[WinError 32] The process cannot access the file because it is being used by another process: 'TMP_DELETE\\yus0359.Lab00.compile.out'
[WinError 32] The process cannot access the file because it is being used by another process: 'TMP_DELETE\\april21.Lab00.compile.out'
[WinError 32] The process cannot access the file because it is being used by another process: 'TMP_DELETE\\april21.Lab00.compile.out'
[WinError 32] The process cannot access the file because it is being used by another process: 'TMP_DELETE\\yus0359.Lab00.compile.out'
[WinError 32] The process cannot access the file because it is being used by another process: 'TMP_DELETE\\sputinc.Lab01.compile.out'
[WinError 32] The process cannot access the file because it is being used by another process: 'TMP_DELETE\\sputinc.Lab01.compile.out'
[WinError 32] The process cannot access the file because it is being used by another process: 'TMP_DELETE\\sputinc.Lab01.compile.out'
[WinError 32] The process cannot access the file because it is being used by another process: 'TMP_DELETE\\mckenz34.Lab00.compile.out'
[WinError 32] The process cannot access the file because it is being used by another process: 'TMP_DELETE\\jwdean.Lab01.compile.out'
[WinError 32] The process cannot access the file because it is being used by another process: 'TMP_DELETE\\jwdean.Lab01.compile.out'
[WinError 32] The process cannot access the file because it is being used by another process: 'TMP_DELETE\\jwinter7.Lab01.compile.out'
[WinError 32] The process cannot access the file because it is being used by another process: 'TMP_DELETE\\jaredtr1.Lab01.compile.out'
[WinError 32] The process cannot access the file because it is being used by another process: 'TMP_DELETE\\mbrann.Lab01.compile.out'
[WinError 32] The process cannot access the file because it is being used by another process: 'TMP_DELETE\\mbrann.Lab01.compile.out'
[WinError 32] The process cannot access the file because it is being used by another process: 'TMP_DELETE\\mbrann.Lab01.compile.out'
[WinError 32] The process cannot access the file because it is being used by another process: 'TMP_DELETE\\idraper.Lab01.compile.out'
[WinError 32] The process cannot access the file because it is being used by another process: 'TMP_DELETE\\jpenner.Lab01.compile.out'
[WinError 32] The process cannot access the file because it is being used by another process: 'TMP_DELETE\\jpenner.Lab01.compile.out'
[WinError 32] The process cannot access the file because it is being used by another process: 'TMP_DELETE\\lukas3.Lab01.compile.out'
[WinError 32] The process cannot access the file because it is being used by another process: 'TMP_DELETE\\lukas3.Lab01.compile.out'
[WinError 32] The process cannot access the file because it is being used by another process: 'TMP_DELETE\\lukas3.Lab01.compile.out'
[WinError 32] The process cannot access the file because it is being used by another process: 'TMP_DELETE\\lukas3.Lab01.compile.out'
[WinError 32] The process cannot access the file because it is being used by another process: 'TMP_DELETE\\lukas3.Lab01.compile.out'
[WinError 32] The process cannot access the file because it is being used by another process: 'TMP_DELETE\\lukas3.Lab01.compile.out'
[WinError 32] The process cannot access the file because it is being used by another process: 'TMP_DELETE\\lukas3.Lab01.compile.out'
[WinError 32] The process cannot access the file because it is being used by another process: 'TMP_DELETE\\lukas3.Lab01.compile.out'
[WinError 32] The process cannot access the file because it is being used by another process: 'TMP_DELETE\\lukas3.Lab01.compile.out'
