log_entry: 2018-01-10 16:27:42,Lab00,shep7,.01,V,(hello.zip),maliddle96@gmail.com

C:\users\malid\workspace\CS235\students\shep7
Unzipping file: hello.zip
log_entry: 2018-01-10 16:30:33,Lab00,chansen0,0,V,(hello.zip),maliddle96@gmail.com

C:\users\malid\workspace\CS235\students\chansen0
Unzipping file: hello.zip
log_entry: 2018-01-10 16:30:47,Lab00,paladin1,0,V,(hello.zip),maliddle96@gmail.com

C:\users\malid\workspace\CS235\students\paladin1
Unzipping file: hello.zip
log_entry: 2018-01-10 16:31:51,Lab00,zmyth97,0,V,(hello.zip),maliddle96@gmail.com

C:\users\malid\workspace\CS235\students\zmyth97
Unzipping file: hello.zip
log_entry: 2018-01-10 16:36:33,Lab00,shep7,0,V,(hello.zip),maliddle96@gmail.com

Removing TMP_DELETE
C:\users\malid\workspace\CS235\students\shep7
Unzipping file: hello.zip
log_entry: 2018-01-10 16:36:52,Lab00,pbrede,0,V,(hello.zip),maliddle96@gmail.com

C:\users\malid\workspace\CS235\students\pbrede
Unzipping file: hello.zip
log_entry: 2018-01-10 16:38:12,Lab00,cebrown,1,V,(hello.zip),maliddle96@gmail.com

C:\users\malid\workspace\CS235\students\cebrown
Unzipping file: hello.zip
log_entry: 2018-01-10 16:38:13,Lab00,ramirant,0,V,(hello.zip),maliddle96@gmail.com

C:\users\malid\workspace\CS235\students\ramirant
Unzipping file: hello.zip
log_entry: 2018-01-10 16:39:32,Lab00,ajfred2,0,V,(hello.zip),maliddle96@gmail.com

C:\users\malid\workspace\CS235\students\ajfred2
Unzipping file: hello.zip
log_entry: 2018-01-10 16:41:46,Lab00,cebrown,1,V,(hello.zip),maliddle96@gmail.com

Removing TMP_DELETE
C:\users\malid\workspace\CS235\students\cebrown
Unzipping file: hello.zip
log_entry: 2018-01-10 16:46:58,Lab00,eford8,0,X,(hello.zip),maliddle96@gmail.com

C:\users\malid\workspace\CS235\students\eford8
Unzipping file: hello.zip
log_entry: 2018-01-10 16:47:06,Lab00,nilant,0,V,(hello.zip),maliddle96@gmail.com

C:\users\malid\workspace\CS235\students\nilant
Unzipping file: hello.zip
log_entry: 2018-01-10 16:48:18,Lab00,danik05,0,V,(hello.zip),maliddle96@gmail.com

C:\users\malid\workspace\CS235\students\danik05
Unzipping file: hello.zip
log_entry: 2018-01-10 16:52:34,Lab00,eford8,0,X,(hello.zip),maliddle96@gmail.com

Removing TMP_DELETE
C:\users\malid\workspace\CS235\students\eford8
Unzipping file: hello.zip
log_entry: 2018-01-10 16:53:05,Lab00,zdb23,0,V,(hello.zip),maliddle96@gmail.com

C:\users\malid\workspace\CS235\students\zdb23
Unzipping file: hello.zip
log_entry: 2018-01-10 16:53:46,Lab00,eford8,0,X,(hello.zip),maliddle96@gmail.com

Removing TMP_DELETE
C:\users\malid\workspace\CS235\students\eford8
Unzipping file: hello.zip
log_entry: 2018-01-10 16:54:35,Lab00,danik05,0,V,(hello.zip),maliddle96@gmail.com

Removing TMP_DELETE
C:\users\malid\workspace\CS235\students\danik05
Unzipping file: hello.zip
log_entry: 2018-01-10 17:00:32,Lab00,harrishr,0,V,(hello.zip),maliddle96@gmail.com

C:\users\malid\workspace\CS235\students\harrishr
Unzipping file: hello.zip
log_entry: 2018-01-10 17:03:49,Lab00,jrebert,1,V,(hello.zip),maliddle96@gmail.com

C:\users\malid\workspace\CS235\students\jrebert
Unzipping file: hello.zip
log_entry: 2018-01-10 17:15:17,Lab00,jes0613,0,V,(hello.zip),maliddle96@gmail.com

C:\users\malid\workspace\CS235\students\jes0613
Unzipping file: hello.zip
log_entry: 2018-01-10 17:20:00,Lab00,jes0613,0,V,(hello.zip),maliddle96@gmail.com

Removing TMP_DELETE
C:\users\malid\workspace\CS235\students\jes0613
Unzipping file: hello.zip
log_entry: 2018-01-10 17:23:45,Lab00,andeloth,0,V,(hello.zip),maliddle96@gmail.com

C:\users\malid\workspace\CS235\students\andeloth
Unzipping file: hello.zip
log_entry: 2018-01-10 17:26:37,Lab00,larso12,0,V,(hello.zip),maliddle96@gmail.com

C:\users\malid\workspace\CS235\students\larso12
Unzipping file: hello.zip
log_entry: 2018-01-10 17:27:21,Lab00,sharolds,0,V,(hello.zip),maliddle96@gmail.com

C:\users\malid\workspace\CS235\students\sharolds
Unzipping file: hello.zip
log_entry: 2018-01-10 17:31:13,Lab00,jameslc,0,V,(hello.zip),maliddle96@gmail.com

C:\users\malid\workspace\CS235\students\jameslc
Unzipping file: hello.zip
log_entry: 2018-01-10 17:31:35,Lab00,nilssonn,0,V,(hello.zip),maliddle96@gmail.com

C:\users\malid\workspace\CS235\students\nilssonn
Unzipping file: hello.zip
log_entry: 2018-01-10 17:32:54,Lab00,jes0613,0,V,(hello.zip),maliddle96@gmail.com

Removing TMP_DELETE
C:\users\malid\workspace\CS235\students\jes0613
Unzipping file: hello.zip
log_entry: 2018-01-10 17:33:43,Lab00,jaxon15,0,V,(hello.zip),maliddle96@gmail.com

C:\users\malid\workspace\CS235\students\jaxon15
Unzipping file: hello.zip
log_entry: 2018-01-10 17:41:55,Lab00,mlee10,.5,V,(hello.zip),maliddle96@gmail.com

C:\users\malid\workspace\CS235\students\mlee10
Unzipping file: hello.zip
log_entry: 2018-01-10 17:47:00,Lab00,parki29,.25,V,(hello.zip),maliddle96@gmail.com

C:\users\malid\workspace\CS235\students\parki29
Unzipping file: hello.zip
log_entry: 2018-01-10 17:50:19,Lab00,sputinc,1,V,(hello.zip),maliddle96@gmail.com

C:\users\malid\workspace\CS235\students\sputinc
Unzipping file: hello.zip
log_entry: 2018-01-10 17:51:25,Lab00,sputinc,0,V,(hello.zip),maliddle96@gmail.com

Removing TMP_DELETE
C:\users\malid\workspace\CS235\students\sputinc
Unzipping file: hello.zip
log_entry: 2018-01-10 17:52:33,Lab00,sputinc,0,V,(hello.zip),maliddle96@gmail.com

Removing TMP_DELETE
C:\users\malid\workspace\CS235\students\sputinc
Unzipping file: hello.zip
log_entry: 2018-01-10 17:57:59,Lab00,jwerikso,0,V,(hello.zip),maliddle96@gmail.com

C:\users\malid\workspace\CS235\students\jwerikso
Unzipping file: hello.zip
log_entry: 2018-01-10 18:00:05,Lab00,puppypar,0,V,(hello.zip),maliddle96@gmail.com

C:\users\malid\workspace\CS235\students\puppypar
Unzipping file: hello.zip
log_entry: 2018-01-10 18:00:43,Lab00,yuehales,0,X,(hello.zip),maliddle96@gmail.com

C:\users\malid\workspace\CS235\students\yuehales
Unzipping file: hello.zip
log_entry: 2018-01-10 18:03:44,Lab00,jofesnel,.25,V,(hello.zip),maliddle96@gmail.com

C:\users\malid\workspace\CS235\students\jofesnel
Unzipping file: hello.zip
log_entry: 2018-01-10 18:04:43,Lab00,puppypar,0,V,(hello.zip),maliddle96@gmail.com

Removing TMP_DELETE
C:\users\malid\workspace\CS235\students\puppypar
Unzipping file: hello.zip
log_entry: 2018-01-10 18:10:48,Lab00,evelos,0,V,(hello.zip),maliddle96@gmail.com

C:\users\malid\workspace\CS235\students\evelos
Unzipping file: hello.zip
log_entry: 2018-01-10 18:20:44,Lab00,darnese2,.75,V,(hello.zip),maliddle96@gmail.com

C:\users\malid\workspace\CS235\students\darnese2
Unzipping file: hello.zip
log_entry: 2018-01-10 18:24:01,Lab00,cpomar,0.1,V,(hello.zip),maliddle96@gmail.com

C:\users\malid\workspace\CS235\students\cpomar
Unzipping file: hello.zip
log_entry: 2018-01-10 18:24:57,Lab00,wanki2,0,V,(hello.zip),maliddle96@gmail.com

C:\users\malid\workspace\CS235\students\wanki2
Unzipping file: hello.zip
log_entry: 2018-01-10 18:29:08,Lab00,jdogzee,0,V,(hello.zip),maliddle96@gmail.com

C:\users\malid\workspace\CS235\students\jdogzee
Unzipping file: hello.zip
log_entry: 2018-01-10 18:32:56,Lab00,jdogzee,0,V,(hello.zip),maliddle96@gmail.com

Removing TMP_DELETE
C:\users\malid\workspace\CS235\students\jdogzee
Unzipping file: hello.zip
log_entry: 2018-01-10 18:38:09,Lab00,jstate96,0,V,(hello.zip),maliddle96@gmail.com

C:\users\malid\workspace\CS235\students\jstate96
Unzipping file: hello.zip
log_entry: 2018-01-10 18:45:32,Lab00,cwmmoon,.001,V,(hello.zip),maliddle96@gmail.com

C:\users\malid\workspace\CS235\students\cwmmoon
Unzipping file: hello.zip
log_entry: 2018-01-10 18:47:05,Lab00,idraper,0,V,(hello.zip),maliddle96@gmail.com

C:\users\malid\workspace\CS235\students\idraper
Unzipping file: hello.zip
log_entry: 2018-01-10 18:48:04,Lab00,ccate13,0,V,(hello.zip),maliddle96@gmail.com

C:\users\malid\workspace\CS235\students\ccate13
Unzipping file: hello.zip
log_entry: 2018-01-10 18:55:52,Lab00,jschaf14,0,V,(hello.zip),maliddle96@gmail.com

C:\users\malid\workspace\CS235\students\jschaf14
Unzipping file: hello.zip
log_entry: 2018-01-10 18:56:38,Lab00,johnc16,0,V,(hello.zip),maliddle96@gmail.com

C:\users\malid\workspace\CS235\students\johnc16
Unzipping file: hello.zip
log_entry: 2018-01-10 18:57:05,Lab00,sjdailey,.1,V,(hello.zip),maliddle96@gmail.com

C:\users\malid\workspace\CS235\students\sjdailey
Unzipping file: hello.zip
log_entry: 2018-01-10 18:59:16,Lab00,shariss2,0,V,(hello.zip),maliddle96@gmail.com

C:\users\malid\workspace\CS235\students\shariss2
Unzipping file: hello.zip
log_entry: 2018-01-10 19:01:23,Lab00,dh691657,0,V,(hello.zip),maliddle96@gmail.com

C:\users\malid\workspace\CS235\students\dh691657
Unzipping file: hello.zip
log_entry: 2018-01-10 19:03:01,Lab00,jhw3308,0.1,V,(hello.zip),maliddle96@gmail.com

C:\users\malid\workspace\CS235\students\jhw3308
Unzipping file: hello.zip
log_entry: 2018-01-10 19:10:44,Lab00,tessacan,1/6,V,(hello.zip),maliddle96@gmail.com

C:\users\malid\workspace\CS235\students\tessacan
Unzipping file: hello.zip
log_entry: 2018-01-10 19:11:47,Lab00,ccate13,0,V,(hello.zip),maliddle96@gmail.com

Removing TMP_DELETE
C:\users\malid\workspace\CS235\students\ccate13
Unzipping file: hello.zip
log_entry: 2018-01-10 19:12:03,Lab00,ajohn170,0,V,(hello.zip),maliddle96@gmail.com

C:\users\malid\workspace\CS235\students\ajohn170
Unzipping file: hello.zip
log_entry: 2018-01-10 19:13:10,Lab00,jhalvey,1,V,(hello.zip),maliddle96@gmail.com

C:\users\malid\workspace\CS235\students\jhalvey
Unzipping file: hello.zip
log_entry: 2018-01-10 19:14:39,Lab00,pfakkel,.25,V,(hello.zip),maliddle96@gmail.com

C:\users\malid\workspace\CS235\students\pfakkel
Unzipping file: hello.zip
log_entry: 2018-01-10 19:16:57,Lab00,kclem47,0,V,(hello.zip),maliddle96@gmail.com

C:\users\malid\workspace\CS235\students\kclem47
Unzipping file: hello.zip
log_entry: 2018-01-10 19:17:10,Lab00,dgarner8,0,V,(hello.zip),maliddle96@gmail.com

C:\users\malid\workspace\CS235\students\dgarner8
Unzipping file: hello.zip
log_entry: 2018-01-10 19:25:42,Lab00,bradyc22,0,V,(hello.zip),maliddle96@gmail.com

C:\users\malid\workspace\CS235\students\bradyc22
Unzipping file: hello.zip
log_entry: 2018-01-10 19:29:59,Lab00,trodrig2,0,V,(hello.zip),maliddle96@gmail.com

C:\users\malid\workspace\CS235\students\trodrig2
Unzipping file: hello.zip
log_entry: 2018-01-10 19:31:57,Lab00,benhuff,.5,V,(hello.zip),maliddle96@gmail.com

C:\users\malid\workspace\CS235\students\benhuff
Unzipping file: hello.zip
log_entry: 2018-01-10 19:32:11,Lab00,trodrig2,0,V,(hello.zip),maliddle96@gmail.com

Removing TMP_DELETE
C:\users\malid\workspace\CS235\students\trodrig2
Unzipping file: hello.zip
log_entry: 2018-01-10 19:34:25,Lab00,elisims,1,V,(hello.zip),maliddle96@gmail.com

C:\users\malid\workspace\CS235\students\elisims
Unzipping file: hello.zip
log_entry: 2018-01-10 19:36:47,Lab00,bvarela2,0,V,(hello.zip),maliddle96@gmail.com

C:\users\malid\workspace\CS235\students\bvarela2
Unzipping file: hello.zip
log_entry: 2018-01-10 19:46:58,Lab00,lukas3,.01666,V,(hello.zip),maliddle96@gmail.com

Removing TMP_DELETE
C:\users\malid\workspace\CS235\students\lukas3
Unzipping file: hello.zip
log_entry: 2018-01-10 19:47:42,Lab00,campatt,1,V,(hello.zip),maliddle96@gmail.com

C:\users\malid\workspace\CS235\students\campatt
Unzipping file: hello.zip
log_entry: 2018-01-10 19:50:36,Lab00,lukas3,.0333333,V,(hello.zip),maliddle96@gmail.com

Removing TMP_DELETE
C:\users\malid\workspace\CS235\students\lukas3
Unzipping file: hello.zip
log_entry: 2018-01-10 19:55:31,Lab00,bbrenk,0,V,(hello.zip),maliddle96@gmail.com

C:\users\malid\workspace\CS235\students\bbrenk
Unzipping file: hello.zip
log_entry: 2018-01-10 20:01:55,Lab00,tsteele,teej.steele@gmail.com,V,(hello.zip),maliddle96@gmail.com

C:\users\malid\workspace\CS235\students\tsteele
Unzipping file: hello.zip
log_entry: 2018-01-10 20:02:15,Lab00,goatesg,0,V,(hello.zip),maliddle96@gmail.com

C:\users\malid\workspace\CS235\students\goatesg
Unzipping file: hello.zip
log_entry: 2018-01-10 20:05:40,Lab00,valdez95,0,V,(hello.zip),maliddle96@gmail.com

C:\users\malid\workspace\CS235\students\valdez95
Unzipping file: hello.zip
log_entry: 2018-01-10 20:06:34,Lab00,jcbmorr,0,V,(hello.zip),maliddle96@gmail.com

C:\users\malid\workspace\CS235\students\jcbmorr
Unzipping file: hello.zip
log_entry: 2018-01-10 20:11:28,Lab00,raguila3,0,V,(hello.zip),maliddle96@gmail.com

C:\users\malid\workspace\CS235\students\raguila3
Unzipping file: hello.zip
log_entry: 2018-01-10 20:13:41,Lab00,fliksie,0,V,(hello.zip),maliddle96@gmail.com

C:\users\malid\workspace\CS235\students\fliksie
Unzipping file: hello.zip
log_entry: 2018-01-10 20:22:34,Lab00,mkelsey2,0,V,(hello.zip),maliddle96@gmail.com

C:\users\malid\workspace\CS235\students\mkelsey2
Unzipping file: hello.zip
log_entry: 2018-01-10 20:23:37,Lab00,benmur96,0.2,V,(hello.zip),maliddle96@gmail.com

C:\users\malid\workspace\CS235\students\benmur96
Unzipping file: hello.zip
log_entry: 2018-01-10 20:26:57,Lab00,bucketkj,.1,V,(hello.zip),maliddle96@gmail.com

C:\users\malid\workspace\CS235\students\bucketkj
Unzipping file: hello.zip
log_entry: 2018-01-10 20:29:12,Lab00,blackvs,0,X,(hello.zip),maliddle96@gmail.com

C:\users\malid\workspace\CS235\students\blackvs
Unzipping file: hello.zip
log_entry: 2018-01-10 20:30:52,Lab00,bostrem,0.5,X,(hello.zip),maliddle96@gmail.com

C:\users\malid\workspace\CS235\students\bostrem
Unzipping file: hello.zip
log_entry: 2018-01-10 20:32:02,Lab00,fancis16,.5,V,(hello.zip),maliddle96@gmail.com

C:\users\malid\workspace\CS235\students\fancis16
Unzipping file: hello.zip
log_entry: 2018-01-10 20:34:01,Lab00,myler715,1,V,(hello.zip),maliddle96@gmail.com

C:\users\malid\workspace\CS235\students\myler715
Unzipping file: hello.zip
log_entry: 2018-01-10 20:35:25,Lab00,baldw8,0.001,V,(hello.zip),maliddle96@gmail.com

C:\users\malid\workspace\CS235\students\baldw8
Unzipping file: hello.zip
log_entry: 2018-01-10 20:38:35,Lab00,edogjone,0,V,(hello.zip),maliddle96@gmail.com

C:\users\malid\workspace\CS235\students\edogjone
Unzipping file: hello.zip
log_entry: 2018-01-10 20:38:58,Lab00,shastin2,0,V,(hello.zip),maliddle96@gmail.com

C:\users\malid\workspace\CS235\students\shastin2
Unzipping file: hello.zip
log_entry: 2018-01-10 20:39:05,Lab00,mymckinn,.1,V,(hello.zip),maliddle96@gmail.com

C:\users\malid\workspace\CS235\students\mymckinn
Unzipping file: hello.zip
log_entry: 2018-01-10 20:46:13,Lab00,kjbrown,0,V,(hello.zip),maliddle96@gmail.com

C:\users\malid\workspace\CS235\students\kjbrown
Unzipping file: hello.zip
log_entry: 2018-01-10 20:52:12,Lab00,fancis16,.5,V,(hello.zip),maliddle96@gmail.com

Removing TMP_DELETE
C:\users\malid\workspace\CS235\students\fancis16
Unzipping file: hello.zip
log_entry: 2018-01-10 20:53:36,Lab00,samuel83,1,V,(hello.zip),maliddle96@gmail.com

C:\users\malid\workspace\CS235\students\samuel83
Unzipping file: hello.zip
log_entry: 2018-01-10 21:01:55,Lab00,foltzdw,.5,V,(hello.zip),maliddle96@gmail.com

C:\users\malid\workspace\CS235\students\foltzdw
Unzipping file: hello.zip
log_entry: 2018-01-10 21:03:41,Lab00,bowej195,1,V,(hello.zip),maliddle96@gmail.com

C:\users\malid\workspace\CS235\students\bowej195
Unzipping file: hello.zip
log_entry: 2018-01-10 21:08:07,Lab00,benh96,0,V,(hello.zip),maliddle96@gmail.com

C:\users\malid\workspace\CS235\students\benh96
Unzipping file: hello.zip
log_entry: 2018-01-10 21:09:30,Lab00,ajlarsen,0,V,(hello.zip),maliddle96@gmail.com

C:\users\malid\workspace\CS235\students\ajlarsen
Unzipping file: hello.zip
log_entry: 2018-01-10 21:15:11,Lab00,danh444,0,X,(hello.zip),maliddle96@gmail.com

C:\users\malid\workspace\CS235\students\danh444
Unzipping file: hello.zip
log_entry: 2018-01-10 21:17:05,Lab00,nay25,0,V,(hello.zip),maliddle96@gmail.com

C:\users\malid\workspace\CS235\students\nay25
Unzipping file: hello.zip
log_entry: 2018-01-10 21:17:21,Lab00,danh444,0,X,(hello.zip),maliddle96@gmail.com

Removing TMP_DELETE
C:\users\malid\workspace\CS235\students\danh444
Unzipping file: hello.zip
log_entry: 2018-01-10 21:18:36,Lab00,danh444,0,X,(hello.zip),maliddle96@gmail.com

Removing TMP_DELETE
C:\users\malid\workspace\CS235\students\danh444
Unzipping file: hello.zip
log_entry: 2018-01-10 21:23:47,Lab00,blakep22,0,V,(hello.zip),maliddle96@gmail.com

C:\users\malid\workspace\CS235\students\blakep22
Unzipping file: hello.zip
log_entry: 2018-01-10 21:43:50,Lab00,jes0613,0,V,(hello.zip),maliddle96@gmail.com

Removing TMP_DELETE
C:\users\malid\workspace\CS235\students\jes0613
Unzipping file: hello.zip
log_entry: 2018-01-10 21:50:04,Lab00,jordanrj,0.5,V,(hello.zip),maliddle96@gmail.com

C:\users\malid\workspace\CS235\students\jordanrj
Unzipping file: hello.zip
log_entry: 2018-01-10 21:50:31,Lab00,nconstan,0.1,V,(hello.zip),maliddle96@gmail.com

C:\users\malid\workspace\CS235\students\nconstan
Unzipping file: hello.zip
log_entry: 2018-01-10 21:54:43,Lab00,jordanrj,0.1,V,(hello.zip),maliddle96@gmail.com

Removing TMP_DELETE
C:\users\malid\workspace\CS235\students\jordanrj
Unzipping file: hello.zip
log_entry: 2018-01-10 22:07:08,Lab00,rhoggan6,0,V,(hello.zip),maliddle96@gmail.com

C:\users\malid\workspace\CS235\students\rhoggan6
Unzipping file: hello.zip
log_entry: 2018-01-10 22:11:04,Lab00,vrojas,0,V,(hello.zip),maliddle96@gmail.com

C:\users\malid\workspace\CS235\students\vrojas
Unzipping file: hello.zip
log_entry: 2018-01-10 22:13:25,Lab00,codyhal,0.5,V,(hello.zip),maliddle96@gmail.com

C:\users\malid\workspace\CS235\students\codyhal
Unzipping file: hello.zip
log_entry: 2018-01-10 22:24:06,Lab00,bcnelson,.5,V,(hello.zip),maliddle96@gmail.com

C:\users\malid\workspace\CS235\students\bcnelson
Unzipping file: hello.zip
log_entry: 2018-01-10 22:31:56,Lab00,jdtreter,,V,(hello.zip),maliddle96@gmail.com

C:\users\malid\workspace\CS235\students\jdtreter
Unzipping file: hello.zip
log_entry: 2018-01-10 22:33:50,Lab00,tsitze,0,V,(hello.zip),maliddle96@gmail.com

C:\users\malid\workspace\CS235\students\tsitze
Unzipping file: hello.zip
log_entry: 2018-01-10 22:39:09,Lab00,jdtreter,,V,(hello.zip),maliddle96@gmail.com

Removing TMP_DELETE
C:\users\malid\workspace\CS235\students\jdtreter
Unzipping file: hello.zip
log_entry: 2018-01-10 22:45:56,Lab00,heeyeonl,0,X,(hello.zip),maliddle96@gmail.com

C:\users\malid\workspace\CS235\students\heeyeonl
Unzipping file: hello.zip
log_entry: 2018-01-10 22:50:12,Lab00,mbrow233,0,V,(hello.zip),maliddle96@gmail.com

C:\users\malid\workspace\CS235\students\mbrow233
Unzipping file: hello.zip
log_entry: 2018-01-10 22:54:43,Lab00,alaney97,0,V,(hello.zip),maliddle96@gmail.com

C:\users\malid\workspace\CS235\students\alaney97
Unzipping file: hello.zip
log_entry: 2018-01-10 22:55:40,Lab00,mille213,.5,V,(hello.zip),maliddle96@gmail.com

C:\users\malid\workspace\CS235\students\mille213
Unzipping file: hello.zip
log_entry: 2018-01-10 23:07:17,Lab00,jpenner,0,X,(hello.zip),maliddle96@gmail.com

C:\users\malid\workspace\CS235\students\jpenner
Unzipping file: hello.zip
log_entry: 2018-01-10 23:07:27,Lab00,jensennk,0,V,(hello.zip),maliddle96@gmail.com

C:\users\malid\workspace\CS235\students\jensennk
Unzipping file: hello.zip
log_entry: 2018-01-10 23:07:44,Lab00,lrs8915,0,V,(hello.zip),maliddle96@gmail.com

C:\users\malid\workspace\CS235\students\lrs8915
Unzipping file: hello.zip
log_entry: 2018-01-10 23:10:08,Lab00,solmyr,0,X,(hello.zip),maliddle96@gmail.com

C:\users\malid\workspace\CS235\students\solmyr
Unzipping file: hello.zip
log_entry: 2018-01-10 23:11:14,Lab00,solmyr,0,X,(hello.zip),maliddle96@gmail.com

Removing TMP_DELETE
C:\users\malid\workspace\CS235\students\solmyr
Unzipping file: hello.zip
log_entry: 2018-01-10 23:12:02,Lab00,solmyr,0,X,(hello.zip),maliddle96@gmail.com

Removing TMP_DELETE
C:\users\malid\workspace\CS235\students\solmyr
Unzipping file: hello.zip
log_entry: 2018-01-10 23:13:26,Lab00,brekara,0,V,(hello.zip),maliddle96@gmail.com

C:\users\malid\workspace\CS235\students\brekara
Unzipping file: hello.zip
log_entry: 2018-01-10 23:24:48,Lab00,genel,0.5,X,(hello.zip),maliddle96@gmail.com

C:\users\malid\workspace\CS235\students\genel
Unzipping file: hello.zip
log_entry: 2018-01-10 23:37:15,Lab00,dthueso2,0,V,(hello.zip),maliddle96@gmail.com

C:\users\malid\workspace\CS235\students\dthueso2
Unzipping file: hello.zip
log_entry: 2018-01-10 23:39:44,Lab00,njs992,.25,V,(hello.zip),maliddle96@gmail.com

C:\users\malid\workspace\CS235\students\njs992
Unzipping file: hello.zip
log_entry: 2018-01-10 23:42:30,Lab00,afarmer8,0,V,(hello.zip),maliddle96@gmail.com

C:\users\malid\workspace\CS235\students\afarmer8
Unzipping file: hello.zip
log_entry: 2018-01-11 00:31:02,Lab00,jensennk,0,V,(hello.zip),maliddle96@gmail.com

Removing TMP_DELETE
C:\users\malid\workspace\CS235\students\jensennk
Unzipping file: hello.zip
log_entry: 2018-01-11 06:46:21,Lab00,jds348,0,V,(hello.zip),maliddle96@gmail.com

C:\users\malid\workspace\CS235\students\jds348
Unzipping file: hello.zip
log_entry: 2018-01-11 09:07:58,Lab00,ghagen,0.1,V,(hello.zip),maliddle96@gmail.com

C:\users\malid\workspace\CS235\students\ghagen
Unzipping file: hello.zip
log_entry: 2018-01-11 09:15:40,Lab00,kllew256,.1,V,(hello.zip),maliddle96@gmail.com

C:\users\malid\workspace\CS235\students\kllew256
Unzipping file: hello.zip
log_entry: 2018-01-11 09:33:18,Lab00,crookk,0,V,(hello.zip),maliddle96@gmail.com

C:\users\malid\workspace\CS235\students\crookk
Unzipping file: hello.zip
log_entry: 2018-01-11 10:08:15,Lab00,caw243,.1,V,(hello.zip),maliddle96@gmail.com

C:\users\malid\workspace\CS235\students\caw243
Unzipping file: hello.zip
log_entry: 2018-01-11 10:23:08,Lab00,jrhill,jrhill426@gmail.com,X,(hello.zip),maliddle96@gmail.com

C:\users\malid\workspace\CS235\students\jrhill
Unzipping file: hello.zip
log_entry: 2018-01-11 10:31:56,Lab00,cjcarv3r,0,V,(hello.zip),maliddle96@gmail.com

C:\users\malid\workspace\CS235\students\cjcarv3r
Unzipping file: hello.zip
log_entry: 2018-01-11 10:36:11,Lab00,jastern,.1,V,(hello.zip),maliddle96@gmail.com

C:\users\malid\workspace\CS235\students\jastern
Unzipping file: hello.zip
log_entry: 2018-01-11 11:00:46,Lab00,kandarej,0,V,(hello.zip),maliddle96@gmail.com

C:\users\malid\workspace\CS235\students\kandarej
Unzipping file: hello.zip
log_entry: 2018-01-11 11:20:01,Lab00,mmolen09,0.2,V,(hello.zip),maliddle96@gmail.com

C:\users\malid\workspace\CS235\students\mmolen09
Unzipping file: hello.zip
log_entry: 2018-01-11 11:21:13,Lab00,centenoa,0,V,(hello.zip),maliddle96@gmail.com

C:\users\malid\workspace\CS235\students\centenoa
Unzipping file: hello.zip
log_entry: 2018-01-11 11:23:28,Lab00,mmolen09,0.2,V,(hello.zip),maliddle96@gmail.com

Removing TMP_DELETE
C:\users\malid\workspace\CS235\students\mmolen09
Unzipping file: hello.zip
log_entry: 2018-01-11 11:24:00,Lab00,mmolen09,0.2,V,(hello.zip),maliddle96@gmail.com

Removing TMP_DELETE
C:\users\malid\workspace\CS235\students\mmolen09
Unzipping file: hello.zip
log_entry: 2018-01-11 11:49:00,Lab00,jarom77,0,V,(hello.zip),maliddle96@gmail.com

C:\users\malid\workspace\CS235\students\jarom77
Unzipping file: hello.zip
log_entry: 2018-01-11 11:50:10,Lab00,jarom77,0,V,(hello.zip),maliddle96@gmail.com

Removing TMP_DELETE
C:\users\malid\workspace\CS235\students\jarom77
Unzipping file: hello.zip
log_entry: 2018-01-11 11:51:50,Lab00,jarom77,0,V,(hello.zip),maliddle96@gmail.com

Removing TMP_DELETE
C:\users\malid\workspace\CS235\students\jarom77
Unzipping file: hello.zip
log_entry: 2018-01-11 11:53:07,Lab00,jarom77,0,V,(hello.zip),maliddle96@gmail.com

Removing TMP_DELETE
C:\users\malid\workspace\CS235\students\jarom77
Unzipping file: hello.zip
log_entry: 2018-01-11 11:56:07,Lab00,jarom77,.25,V,(hello.zip),maliddle96@gmail.com

Removing TMP_DELETE
C:\users\malid\workspace\CS235\students\jarom77
Unzipping file: hello.zip
log_entry: 2018-01-11 11:56:51,Lab00,jarom77,.25,V,(hello.zip),maliddle96@gmail.com

Removing TMP_DELETE
C:\users\malid\workspace\CS235\students\jarom77
Unzipping file: hello.zip
log_entry: 2018-01-11 12:11:10,Lab00,igabe,.01,X,(hello.zip),maliddle96@gmail.com

C:\users\malid\workspace\CS235\students\igabe
Unzipping file: hello.zip
log_entry: 2018-01-11 12:16:21,Lab00,bmonk,0,V,(hello.zip),maliddle96@gmail.com

C:\users\malid\workspace\CS235\students\bmonk
Unzipping file: hello.zip
log_entry: 2018-01-11 12:17:02,Lab00,bmonk,0,V,(hello.zip),maliddle96@gmail.com

Removing TMP_DELETE
C:\users\malid\workspace\CS235\students\bmonk
Unzipping file: hello.zip
log_entry: 2018-01-11 12:26:40,Lab00,neilqvt,0.1,V,(hello.zip),maliddle96@gmail.com

C:\users\malid\workspace\CS235\students\neilqvt
Unzipping file: hello.zip
log_entry: 2018-01-11 12:29:35,Lab00,beto1998,1,V,(hello.zip),maliddle96@gmail.com

C:\users\malid\workspace\CS235\students\beto1998
Unzipping file: hello.zip
log_entry: 2018-01-11 13:12:37,Lab00,tjones64,0,V,(hello.zip),maliddle96@gmail.com

C:\users\malid\workspace\CS235\students\tjones64
Unzipping file: hello.zip
log_entry: 2018-01-11 13:15:39,Lab00,akselk,0,V,(hello.zip),maliddle96@gmail.com

C:\users\malid\workspace\CS235\students\akselk
Unzipping file: hello.zip
log_entry: 2018-01-11 13:34:37,Lab00,nilant,0,V,(hello.zip),maliddle96@gmail.com

Removing TMP_DELETE
C:\users\malid\workspace\CS235\students\nilant
Unzipping file: hello.zip
log_entry: 2018-01-11 13:38:54,Lab00,mlee10,0,V,(hello.zip),maliddle96@gmail.com

Removing TMP_DELETE
C:\users\malid\workspace\CS235\students\mlee10
Unzipping file: hello.zip
log_entry: 2018-01-11 13:44:28,Lab00,mlee10,0,V,(hello.zip),maliddle96@gmail.com

Removing TMP_DELETE
C:\users\malid\workspace\CS235\students\mlee10
Unzipping file: hello.zip
log_entry: 2018-01-11 13:51:17,Lab00,acbmmeh5,0,X,(hello.zip),maliddle96@gmail.com

C:\users\malid\workspace\CS235\students\acbmmeh5
Unzipping file: hello.zip
log_entry: 2018-01-11 13:54:40,Lab00,czundel1,.30,V,(hello.zip),maliddle96@gmail.com

C:\users\malid\workspace\CS235\students\czundel1
Unzipping file: hello.zip
log_entry: 2018-01-11 13:56:11,Lab00,czundel1,0,V,(hello.zip),maliddle96@gmail.com

Removing TMP_DELETE
C:\users\malid\workspace\CS235\students\czundel1
Unzipping file: hello.zip
log_entry: 2018-01-11 14:03:46,Lab00,benhuff,0,V,(hello.zip),maliddle96@gmail.com

Removing TMP_DELETE
C:\users\malid\workspace\CS235\students\benhuff
Unzipping file: hello.zip
log_entry: 2018-01-11 14:20:14,Lab00,bubbabjh,proper@cs.byu.edu,V,(hello.zip),maliddle96@gmail.com

C:\users\malid\workspace\CS235\students\bubbabjh
Unzipping file: hello.zip
log_entry: 2018-01-11 14:24:59,Lab00,bkwebb23,.5,V,(hello.zip),maliddle96@gmail.com

C:\users\malid\workspace\CS235\students\bkwebb23
Unzipping file: hello.zip
log_entry: 2018-01-11 14:43:03,Lab00,ceolewis,0.1,V,(hello.zip),maliddle96@gmail.com

C:\users\malid\workspace\CS235\students\ceolewis
Unzipping file: hello.zip
log_entry: 2018-01-11 14:49:21,Lab00,bubbabjh,1,V,(hello.zip),maliddle96@gmail.com

Removing TMP_DELETE
C:\users\malid\workspace\CS235\students\bubbabjh
Unzipping file: hello.zip
log_entry: 2018-01-11 14:58:16,Lab00,droy2,1,V,(hello.zip),maliddle96@gmail.com

C:\users\malid\workspace\CS235\students\droy2
Unzipping file: hello.zip
log_entry: 2018-01-11 15:28:35,Lab00,alan9001,1,V,(hello.zip),maliddle96@gmail.com

C:\users\malid\workspace\CS235\students\alan9001
Unzipping file: hello.zip
log_entry: 2018-01-11 15:29:43,Lab00,clhill93,.5,V,(hello.zip),maliddle96@gmail.com

C:\users\malid\workspace\CS235\students\clhill93
Unzipping file: hello.zip
log_entry: 2018-01-11 15:33:53,Lab00,clhill93,.5,V,(hello.zip),maliddle96@gmail.com

Removing TMP_DELETE
C:\users\malid\workspace\CS235\students\clhill93
Unzipping file: hello.zip
log_entry: 2018-01-11 15:37:48,Lab00,jcall42,0,X,(hello.zip),maliddle96@gmail.com

C:\users\malid\workspace\CS235\students\jcall42
Unzipping file: hello.zip
log_entry: 2018-01-11 16:07:48,Lab00,lilyrose,0.3,X,(hello.zip),maliddle96@gmail.com

C:\users\malid\workspace\CS235\students\lilyrose
Unzipping file: hello.zip
log_entry: 2018-01-11 16:25:16,Lab00,zmeyer1,0,V,(hello.zip),maliddle96@gmail.com

C:\users\malid\workspace\CS235\students\zmeyer1
Unzipping file: hello.zip
log_entry: 2018-01-11 16:29:51,Lab00,zmeyer1,0,V,(hello.zip),maliddle96@gmail.com

Removing TMP_DELETE
C:\users\malid\workspace\CS235\students\zmeyer1
Unzipping file: hello.zip
log_entry: 2018-01-11 16:39:28,Lab00,kaleahmj,0,V,(hello.zip),maliddle96@gmail.com

C:\users\malid\workspace\CS235\students\kaleahmj
Unzipping file: hello.zip
log_entry: 2018-01-11 16:56:08,Lab00,jwdean,0,V,(hello.zip),maliddle96@gmail.com

C:\users\malid\workspace\CS235\students\jwdean
Unzipping file: hello.zip
log_entry: 2018-01-11 16:58:49,Lab00,jwdean,0,V,(hello.zip),maliddle96@gmail.com

Removing TMP_DELETE
C:\users\malid\workspace\CS235\students\jwdean
Unzipping file: hello.zip
log_entry: 2018-01-11 17:07:02,Lab00,jwdean,0,V,(hello.zip),maliddle96@gmail.com

Removing TMP_DELETE
C:\users\malid\workspace\CS235\students\jwdean
Unzipping file: hello.zip
log_entry: 2018-01-11 17:40:43,Lab00,bms22386,0.2,V,(hello.zip),maliddle96@gmail.com

C:\users\malid\workspace\CS235\students\bms22386
Unzipping file: hello.zip
log_entry: 2018-01-11 17:49:34,Lab00,q1a2z3,67.4,V,(hello.zip),maliddle96@gmail.com

C:\users\malid\workspace\CS235\students\q1a2z3
Unzipping file: hello.zip
log_entry: 2018-01-11 17:52:14,Lab00,q1a2z3,965 hours 2 minutes,V,(hello.zip),maliddle96@gmail.com

Removing TMP_DELETE
C:\users\malid\workspace\CS235\students\q1a2z3
Unzipping file: hello.zip
log_entry: 2018-01-11 19:00:04,Lab00,jonese8,0,V,(hello.zip),maliddle96@gmail.com

C:\users\malid\workspace\CS235\students\jonese8
Unzipping file: hello.zip
log_entry: 2018-01-11 19:07:34,Lab00,ssgriff,1/4,V,(hello.zip),maliddle96@gmail.com

C:\users\malid\workspace\CS235\students\ssgriff
Unzipping file: hello.zip
log_entry: 2018-01-11 19:10:23,Lab00,ssgriff,10min,V,(hello.zip),maliddle96@gmail.com

Removing TMP_DELETE
C:\users\malid\workspace\CS235\students\ssgriff
Unzipping file: hello.zip
log_entry: 2018-01-11 20:17:16,Lab00,drewmg,1,V,(hello.zip),maliddle96@gmail.com

C:\users\malid\workspace\CS235\students\drewmg
Unzipping file: hello.zip
log_entry: 2018-01-11 20:25:54,Lab00,justinh7,.1,V,(hello.zip),maliddle96@gmail.com

C:\users\malid\workspace\CS235\students\justinh7
Unzipping file: hello.zip
log_entry: 2018-01-11 20:53:33,Lab00,jswense2,0,V,(hello.zip),maliddle96@gmail.com

C:\users\malid\workspace\CS235\students\jswense2
Unzipping file: hello.zip
log_entry: 2018-01-11 21:29:28,Lab00,drewmg,1,V,(hello.zip),maliddle96@gmail.com

Removing TMP_DELETE
C:\users\malid\workspace\CS235\students\drewmg
Unzipping file: hello.zip
log_entry: 2018-01-11 21:29:28,Lab00,drewmg,1,V,(hello.zip),maliddle96@gmail.com

Removing TMP_DELETE
C:\users\malid\workspace\CS235\students\drewmg
Unzipping file: hello.zip
log_entry: 2018-01-11 21:39:54,Lab00,asp8086,0,V,(hello.zip),maliddle96@gmail.com

C:\users\malid\workspace\CS235\students\asp8086
Unzipping file: hello.zip
log_entry: 2018-01-11 21:43:08,Lab00,drewmg,1,V,(hello.zip),maliddle96@gmail.com

Removing TMP_DELETE
C:\users\malid\workspace\CS235\students\drewmg
Unzipping file: hello.zip
log_entry: 2018-01-11 23:06:33,Lab00,ajrasban,0,X,(hello.zip),maliddle96@gmail.com

C:\users\malid\workspace\CS235\students\ajrasban
Unzipping file: hello.zip
log_entry: 2018-01-12 09:04:24,Lab00,jwdean,0,V,(hello.zip),maliddle96@gmail.com

Removing TMP_DELETE
C:\users\malid\workspace\CS235\students\jwdean
Unzipping file: hello.zip
log_entry: 2018-01-12 10:34:54,Lab01,eford8,2,X,(grades.zip),maliddle96@gmail.com

Removing TMP_DELETE
C:\users\malid\workspace\CS235\students\eford8
Unzipping file: grades.zip
log_entry: 2018-01-12 10:44:25,Lab01,eford8,2,X,(grades.zip),maliddle96@gmail.com

Removing TMP_DELETE
C:\users\malid\workspace\CS235\students\eford8
Unzipping file: grades.zip
log_entry: 2018-01-12 10:48:37,Lab01,eford8,2,X,(grades.zip),maliddle96@gmail.com

Removing TMP_DELETE
C:\users\malid\workspace\CS235\students\eford8
Unzipping file: grades.zip
log_entry: 2018-01-12 10:51:30,Lab01,eford8,2,X,(grades.zip),maliddle96@gmail.com

Removing TMP_DELETE
C:\users\malid\workspace\CS235\students\eford8
Unzipping file: grades.zip
log_entry: 2018-01-12 12:02:06,Lab00,jwdean,0,V,(hello.zip),maliddle96@gmail.com

Removing TMP_DELETE
C:\users\malid\workspace\CS235\students\jwdean
Unzipping file: hello.zip
log_entry: 2018-01-12 14:25:40,Lab00,mrc621,.2,V,(hello.zip),maliddle96@gmail.com

C:\users\malid\workspace\CS235\students\mrc621
Unzipping file: hello.zip
log_entry: 2018-01-12 15:07:47,Lab00,jaredc94,0.1,V,(hello.zip),maliddle96@gmail.com

C:\users\malid\workspace\CS235\students\jaredc94
Unzipping file: hello.zip
log_entry: 2018-01-12 15:10:25,Lab00,jaredc94,0.1,V,(hello.zip),maliddle96@gmail.com

Removing TMP_DELETE
C:\users\malid\workspace\CS235\students\jaredc94
Unzipping file: hello.zip
log_entry: 2018-01-12 15:11:23,Lab00,jaredc94,0.1,V,(hello.zip),maliddle96@gmail.com

Removing TMP_DELETE
C:\users\malid\workspace\CS235\students\jaredc94
Unzipping file: hello.zip
log_entry: 2018-01-12 16:15:15,Lab01,eford8,3,X,(grades.zip),maliddle96@gmail.com

Removing TMP_DELETE
C:\users\malid\workspace\CS235\students\eford8
Unzipping file: grades.zip
log_entry: 2018-01-12 16:20:48,Lab01,eford8,3,X,(grades.zip),maliddle96@gmail.com

Removing TMP_DELETE
C:\users\malid\workspace\CS235\students\eford8
Unzipping file: grades.zip
log_entry: 2018-01-12 17:06:13,Lab01,eford8,3,X,(grades.zip),maliddle96@gmail.com

Removing TMP_DELETE
C:\users\malid\workspace\CS235\students\eford8
Unzipping file: grades.zip
log_entry: 2018-01-13 10:04:50,Lab01,tsitze,8,V,(grades.zip),maliddle96@gmail.com

Removing TMP_DELETE
C:\users\malid\workspace\CS235\students\tsitze
Unzipping file: grades.zip
log_entry: 2018-01-13 23:35:14,Lab01,bms22386,4.5,V,(grades.zip),maliddle96@gmail.com

Removing TMP_DELETE
C:\users\malid\workspace\CS235\students\bms22386
Unzipping file: grades.zip
log_entry: 2018-01-14 12:17:14,Lab01,eford8,4,X,(grades.zip),maliddle96@gmail.com

Removing TMP_DELETE
C:\users\malid\workspace\CS235\students\eford8
Unzipping file: grades.zip
log_entry: 2018-01-14 12:27:33,Lab01,eford8,4,X,(grades.zip),maliddle96@gmail.com

Removing TMP_DELETE
C:\users\malid\workspace\CS235\students\eford8
Unzipping file: grades.zip
log_entry: 2018-01-14 21:42:22,Lab00,leegh314,0,V,(hello.zip),maliddle96@gmail.com

C:\users\malid\workspace\CS235\students\leegh314
Unzipping file: hello.zip
log_entry: 2018-01-15 11:47:26,Lab01,foltzdw,7,V,(grades.zip),maliddle96@gmail.com

Removing TMP_DELETE
C:\users\malid\workspace\CS235\students\foltzdw
Unzipping file: grades.zip
log_entry: 2018-01-15 12:00:55,Lab01,foltzdw,0,V,(grades.zip),maliddle96@gmail.com

Removing TMP_DELETE
C:\users\malid\workspace\CS235\students\foltzdw
Unzipping file: grades.zip
log_entry: 2018-01-15 12:04:04,Lab01,foltzdw,7,V,(grades.zip),maliddle96@gmail.com

Removing TMP_DELETE
C:\users\malid\workspace\CS235\students\foltzdw
Unzipping file: grades.zip
log_entry: 2018-01-15 12:23:54,Lab01,goatesg,5,V,(grades.zip),maliddle96@gmail.com

Removing TMP_DELETE
C:\users\malid\workspace\CS235\students\goatesg
Unzipping file: grades.zip
log_entry: 2018-01-15 18:48:02,Lab00,yus0359,0,V,(hello.zip),maliddle96@gmail.com

C:\users\malid\workspace\CS235\students\yus0359
Unzipping file: hello.zip
log_entry: 2018-01-15 18:55:50,Lab00,april21,0,V,(hello.zip),maliddle96@gmail.com

C:\users\malid\workspace\CS235\students\april21
Unzipping file: hello.zip
log_entry: 2018-01-15 19:02:10,Lab00,april21,0,V,(hello.zip),maliddle96@gmail.com

Removing TMP_DELETE
C:\users\malid\workspace\CS235\students\april21
Unzipping file: hello.zip
log_entry: 2018-01-15 19:10:35,Lab00,yus0359,0,V,(hello.zip),maliddle96@gmail.com

Removing TMP_DELETE
C:\users\malid\workspace\CS235\students\yus0359
Unzipping file: hello.zip
log_entry: 2018-01-15 21:31:14,Lab01,sputinc,4,V,(grades.zip),maliddle96@gmail.com

Removing TMP_DELETE
C:\users\malid\workspace\CS235\students\sputinc
Unzipping file: grades.zip
log_entry: 2018-01-15 21:36:44,Lab01,sputinc,4,V,(grades.zip),maliddle96@gmail.com

Removing TMP_DELETE
C:\users\malid\workspace\CS235\students\sputinc
Unzipping file: grades.zip
log_entry: 2018-01-15 21:40:50,Lab01,sputinc,4,V,(grades.zip),maliddle96@gmail.com

Removing TMP_DELETE
C:\users\malid\workspace\CS235\students\sputinc
Unzipping file: grades.zip
log_entry: 2018-01-16 13:52:15,Lab00,mckenz34,0,V,(hello.zip),maliddle96@gmail.com

C:\users\malid\workspace\CS235\students\mckenz34
Unzipping file: hello.zip
log_entry: 2018-01-16 16:32:49,Lab01,jwdean,0,V,(grades.zip),maliddle96@gmail.com

Removing TMP_DELETE
C:\users\malid\workspace\CS235\students\jwdean
Unzipping file: grades.zip
log_entry: 2018-01-16 16:34:51,Lab01,jwdean,3.5,V,(grades.zip),maliddle96@gmail.com

Removing TMP_DELETE
C:\users\malid\workspace\CS235\students\jwdean
Unzipping file: grades.zip
log_entry: 2018-01-16 17:15:24,Lab01,jwinter7,13,V,(grades.zip),maliddle96@gmail.com

C:\users\malid\workspace\CS235\students\jwinter7
Unzipping file: grades.zip
log_entry: 2018-01-16 17:42:03,Lab01,jaredtr1,1,V,(grades.zip),maliddle96@gmail.com

C:\users\malid\workspace\CS235\students\jaredtr1
Unzipping file: grades.zip
log_entry: 2018-01-17 12:17:02,Lab01,mbrann,8,V,(grades.zip),maliddle96@gmail.com

C:\users\malid\workspace\CS235\students\mbrann
Unzipping file: grades.zip
log_entry: 2018-01-17 12:23:28,Lab01,mbrann,8,V,(grades.zip),maliddle96@gmail.com

Removing TMP_DELETE
C:\users\malid\workspace\CS235\students\mbrann
Unzipping file: grades.zip
log_entry: 2018-01-17 12:25:42,Lab01,mbrann,8,V,(grades.zip),maliddle96@gmail.com

Removing TMP_DELETE
C:\users\malid\workspace\CS235\students\mbrann
Unzipping file: grades.zip
log_entry: 2018-01-17 18:54:58,Lab01,idraper,4,V,(grades.zip),maliddle96@gmail.com

Removing TMP_DELETE
C:\users\malid\workspace\CS235\students\idraper
Unzipping file: grades.zip
log_entry: 2018-01-18 10:43:04,Lab01,jpenner,3,X,(grades.zip),maliddle96@gmail.com

Removing TMP_DELETE
C:\users\malid\workspace\CS235\students\jpenner
Unzipping file: grades.zip
log_entry: 2018-01-18 10:49:33,Lab01,jpenner,3,X,(grades.zip),maliddle96@gmail.com

Removing TMP_DELETE
C:\users\malid\workspace\CS235\students\jpenner
Unzipping file: grades.zip
log_entry: 2018-01-18 14:27:00,Lab01,lukas3,7,V,(grades.zip),maliddle96@gmail.com

Removing TMP_DELETE
C:\users\malid\workspace\CS235\students\lukas3
Unzipping file: grades.zip
log_entry: 2018-01-18 14:30:19,Lab01,lukas3,7,V,(grades.zip),maliddle96@gmail.com

Removing TMP_DELETE
C:\users\malid\workspace\CS235\students\lukas3
Unzipping file: grades.zip
log_entry: 2018-01-18 14:30:19,Lab01,lukas3,7,V,(grades.zip),maliddle96@gmail.com

Removing TMP_DELETE
C:\users\malid\workspace\CS235\students\lukas3
Unzipping file: grades.zip
log_entry: 2018-01-18 14:30:19,Lab01,lukas3,7,V,(grades.zip),maliddle96@gmail.com

Removing TMP_DELETE
C:\users\malid\workspace\CS235\students\lukas3
Unzipping file: grades.zip
log_entry: 2018-01-18 14:30:19,Lab01,lukas3,7,V,(grades.zip),maliddle96@gmail.com

Removing TMP_DELETE
C:\users\malid\workspace\CS235\students\lukas3
Unzipping file: grades.zip
log_entry: 2018-01-18 14:30:19,Lab01,lukas3,7,V,(grades.zip),maliddle96@gmail.com

Removing TMP_DELETE
C:\users\malid\workspace\CS235\students\lukas3
Unzipping file: grades.zip
log_entry: 2018-01-18 14:30:19,Lab01,lukas3,7,V,(grades.zip),maliddle96@gmail.com

Removing TMP_DELETE
C:\users\malid\workspace\CS235\students\lukas3
Unzipping file: grades.zip
log_entry: 2018-01-18 14:30:19,Lab01,lukas3,7,V,(grades.zip),maliddle96@gmail.com

Removing TMP_DELETE
C:\users\malid\workspace\CS235\students\lukas3
Unzipping file: grades.zip
log_entry: 2018-01-18 14:27:00,Lab01,lukas3,7,V,(grades.zip),maliddle96@gmail.com

Removing TMP_DELETE
C:\users\malid\workspace\CS235\students\lukas3
Unzipping file: grades.zip
log_entry: 2018-01-18 14:30:19,Lab01,lukas3,7,V,(grades.zip),maliddle96@gmail.com

Removing TMP_DELETE
C:\users\malid\workspace\CS235\students\lukas3
Unzipping file: grades.zip
log_entry: 2018-01-18 14:30:19,Lab01,lukas3,7,V,(grades.zip),maliddle96@gmail.com

Removing TMP_DELETE
C:\users\malid\workspace\CS235\students\lukas3
Unzipping file: grades.zip
log_entry: 2018-01-18 14:30:19,Lab01,lukas3,7,V,(grades.zip),maliddle96@gmail.com

Removing TMP_DELETE
C:\users\malid\workspace\CS235\students\lukas3
Unzipping file: grades.zip
log_entry: 2018-01-18 14:30:19,Lab01,lukas3,7,V,(grades.zip),maliddle96@gmail.com

Removing TMP_DELETE
C:\users\malid\workspace\CS235\students\lukas3
Unzipping file: grades.zip
log_entry: 2018-01-18 14:30:19,Lab01,lukas3,7,V,(grades.zip),maliddle96@gmail.com

Removing TMP_DELETE
C:\users\malid\workspace\CS235\students\lukas3
Unzipping file: grades.zip
